INFO  17:15:27,468 - Compiling source file: C:\Users\Dusan\Desktop\pp1lab.templateAST\workspace\MJCompiler\test\program.mj
INFO  17:15:27,496 - #2 program
INFO  17:15:27,496 - #39 semantickegreske
INFO  17:15:27,496 - #31 enum
INFO  17:15:27,497 - #39 LosEnum
INFO  17:15:27,497 - #3 {
INFO  17:15:27,497 - #39 dva
INFO  17:15:27,497 - #12 =
INFO  17:15:27,497 - #38 2
INFO  17:15:27,497 - #8 ,
INFO  17:15:27,498 - #39 nula
INFO  17:15:27,498 - #12 =
INFO  17:15:27,498 - #38 0
INFO  17:15:27,498 - #8 ,
INFO  17:15:27,498 - #39 jedan
INFO  17:15:27,498 - #8 ,
INFO  17:15:27,499 - #39 dvaopet
INFO  17:15:27,499 - #12 =
INFO  17:15:27,499 - #38 2
INFO  17:15:27,499 - #4 }
INFO  17:15:27,499 - #28 const
INFO  17:15:27,499 - #39 int
INFO  17:15:27,501 - #39 a
INFO  17:15:27,501 - #12 =
INFO  17:15:27,501 - #44 a
INFO  17:15:27,501 - #5 ;
INFO  17:15:27,502 - #39 nesto
INFO  17:15:27,502 - #39 b
INFO  17:15:27,502 - #5 ;
INFO  17:15:27,503 - #39 b
INFO  17:15:27,503 - #39 c
INFO  17:15:27,503 - #5 ;
INFO  17:15:27,503 - #3 {
INFO  17:15:27,503 - #39 int
INFO  17:15:27,503 - #39 bezReturna
INFO  17:15:27,504 - #6 (
INFO  17:15:27,504 - #7 )
INFO  17:15:27,504 - #39 int
INFO  17:15:27,504 - #39 z
INFO  17:15:27,504 - #5 ;
INFO  17:15:27,504 - #3 {
INFO  17:15:27,504 - #39 z
INFO  17:15:27,505 - #12 =
INFO  17:15:27,505 - #38 3
INFO  17:15:27,505 - #5 ;
INFO  17:15:27,506 - #4 }
INFO  17:15:27,507 - #39 char
INFO  17:15:27,507 - #39 pogresanRet
INFO  17:15:27,507 - #6 (
INFO  17:15:27,507 - #39 int
INFO  17:15:27,507 - #39 f
INFO  17:15:27,507 - #7 )
INFO  17:15:27,508 - #3 {
INFO  17:15:27,508 - #10 return
INFO  17:15:27,508 - #38 3
INFO  17:15:27,508 - #5 ;
INFO  17:15:27,508 - #4 }
INFO  17:15:27,508 - #13 void
INFO  17:15:27,508 - #39 main
INFO  17:15:27,508 - #6 (
INFO  17:15:27,509 - #7 )
INFO  17:15:27,509 - #39 char
INFO  17:15:27,509 - #39 t
INFO  17:15:27,509 - #5 ;
INFO  17:15:27,509 - #39 int
INFO  17:15:27,509 - #39 k
INFO  17:15:27,509 - #5 ;
INFO  17:15:27,509 - #39 char
INFO  17:15:27,509 - #39 z
INFO  17:15:27,509 - #20 [
INFO  17:15:27,509 - #21 ]
INFO  17:15:27,509 - #5 ;
INFO  17:15:27,509 - #3 {
INFO  17:15:27,509 - #39 a
INFO  17:15:27,510 - #42 ++
INFO  17:15:27,510 - #5 ;
INFO  17:15:27,510 - #39 t
INFO  17:15:27,510 - #12 =
INFO  17:15:27,510 - #39 a
INFO  17:15:27,510 - #5 ;
INFO  17:15:27,510 - #39 a
INFO  17:15:27,510 - #6 (
INFO  17:15:27,510 - #7 )
INFO  17:15:27,511 - #5 ;
INFO  17:15:27,511 - #39 k
INFO  17:15:27,511 - #12 =
INFO  17:15:27,511 - #39 bezReturna
INFO  17:15:27,511 - #6 (
INFO  17:15:27,511 - #39 t
INFO  17:15:27,511 - #7 )
INFO  17:15:27,511 - #5 ;
INFO  17:15:27,511 - #39 t
INFO  17:15:27,511 - #12 =
INFO  17:15:27,511 - #39 pogresanRet
INFO  17:15:27,511 - #6 (
INFO  17:15:27,511 - #39 t
INFO  17:15:27,511 - #7 )
INFO  17:15:27,511 - #5 ;
INFO  17:15:27,512 - #39 k
INFO  17:15:27,512 - #12 =
INFO  17:15:27,512 - #38 3
INFO  17:15:27,512 - #11 +
INFO  17:15:27,512 - #39 t
INFO  17:15:27,512 - #5 ;
INFO  17:15:27,512 - #24 break
INFO  17:15:27,512 - #5 ;
INFO  17:15:27,513 - #39 z
INFO  17:15:27,513 - #12 =
INFO  17:15:27,513 - #19 new
INFO  17:15:27,513 - #39 char
INFO  17:15:27,513 - #20 [
INFO  17:15:27,513 - #44 3
INFO  17:15:27,513 - #21 ]
INFO  17:15:27,514 - #5 ;
INFO  17:15:27,514 - #39 z
INFO  17:15:27,514 - #12 =
INFO  17:15:27,514 - #19 new
INFO  17:15:27,514 - #39 char
INFO  17:15:27,514 - #20 [
INFO  17:15:27,514 - #38 3
INFO  17:15:27,514 - #21 ]
INFO  17:15:27,514 - #3 {
INFO  17:15:27,514 - #38 1
INFO  17:15:27,514 - #8 ,
INFO  17:15:27,514 - #38 3
INFO  17:15:27,515 - #8 ,
INFO  17:15:27,515 - #38 4
INFO  17:15:27,515 - #4 }
INFO  17:15:27,515 - #5 ;
INFO  17:15:27,515 - #39 x
INFO  17:15:27,515 - #12 =
INFO  17:15:27,515 - #38 3
INFO  17:15:27,515 - #5 ;
INFO  17:15:27,515 - #39 k
INFO  17:15:27,515 - #12 =
INFO  17:15:27,515 - #39 LosEnum
INFO  17:15:27,515 - #22 .
INFO  17:15:27,515 - #39 sedam
INFO  17:15:27,515 - #5 ;
INFO  17:15:27,515 - #4 }
INFO  17:15:27,516 - #4 }
INFO  17:15:27,518 - Program(
  ProgName(
   semantickegreske
  ) [ProgName]
  VarDeclarations(
    VarDeclarations(
      VarDeclarations(
        VarDeclarations(
          NoVarDecl(
          ) [NoVarDecl]
          EnumDecl(
            EnumName(
             LosEnum
            ) [EnumName]
            EnumLst(
              EnumLst(
                EnumLst(
                  EnumElem(
                   dva
                    EnumNmbr(
                     2
                    ) [EnumNmbr]
                  ) [EnumElem]
                 nula
                  EnumNmbr(
                   0
                  ) [EnumNmbr]
                ) [EnumLst]
               jedan
                EnumNoNmbr(
                ) [EnumNoNmbr]
              ) [EnumLst]
             dvaopet
              EnumNmbr(
               2
              ) [EnumNmbr]
            ) [EnumLst]
          ) [EnumDecl]
        ) [VarDeclarations]
        ConstDecl(
          Type(
           int
          ) [Type]
         a
          CharConstDef(
           a
          ) [CharConstDef]
          CnstListEmpty(
          ) [CnstListEmpty]
        ) [ConstDecl]
      ) [VarDeclarations]
      VarDecl(
        Type(
         nesto
        ) [Type]
       b
        ArrayOptN(
        ) [ArrayOptN]
        VarListN(
        ) [VarListN]
      ) [VarDecl]
    ) [VarDeclarations]
    VarDecl(
      Type(
       b
      ) [Type]
     c
      ArrayOptN(
      ) [ArrayOptN]
      VarListN(
      ) [VarListN]
    ) [VarDecl]
  ) [VarDeclarations]
  MethodDeclarations(
    MethodDeclarations(
      MethodDeclarations(
        NoMethodDecl(
        ) [NoMethodDecl]
        MethodDecl(
          MethodTypeName(
            Type(
             int
            ) [Type]
           bezReturna
          ) [MethodTypeName]
          NoFormParam(
          ) [NoFormParam]
          VarDeclarations(
            NoVarDecl(
            ) [NoVarDecl]
            VarDecl(
              Type(
               int
              ) [Type]
             z
              ArrayOptN(
              ) [ArrayOptN]
              VarListN(
              ) [VarListN]
            ) [VarDecl]
          ) [VarDeclarations]
          Statements(
            NoStmt(
            ) [NoStmt]
            MatchedStmt(
              MatchedDesignatorStatement(
                Assignment(
                  Designator(
                   z
                    NoDesignatorOptions(
                    ) [NoDesignatorOptions]
                  ) [Designator]
                  TermExpr(
                    Term(
                      Const(
                       3
                      ) [Const]
                      NoFactor(
                      ) [NoFactor]
                    ) [Term]
                  ) [TermExpr]
                ) [Assignment]
              ) [MatchedDesignatorStatement]
            ) [MatchedStmt]
          ) [Statements]
        ) [MethodDecl]
      ) [MethodDeclarations]
      MethodDecl(
        MethodTypeName(
          Type(
           char
          ) [Type]
         pogresanRet
        ) [MethodTypeName]
        FormParams(
          SingleFormalParamDecl(
            FormalParamDecl(
              Type(
               int
              ) [Type]
             f
              ArrayForParN(
              ) [ArrayForParN]
            ) [FormalParamDecl]
          ) [SingleFormalParamDecl]
        ) [FormParams]
        NoVarDecl(
        ) [NoVarDecl]
        Statements(
          NoStmt(
          ) [NoStmt]
          MatchedStmt(
            ReturnExpr(
              TermExpr(
                Term(
                  Const(
                   3
                  ) [Const]
                  NoFactor(
                  ) [NoFactor]
                ) [Term]
              ) [TermExpr]
            ) [ReturnExpr]
          ) [MatchedStmt]
        ) [Statements]
      ) [MethodDecl]
    ) [MethodDeclarations]
    MethodDecl(
      MethodTypeVoid(
       main
      ) [MethodTypeVoid]
      NoFormParam(
      ) [NoFormParam]
      VarDeclarations(
        VarDeclarations(
          VarDeclarations(
            NoVarDecl(
            ) [NoVarDecl]
            VarDecl(
              Type(
               char
              ) [Type]
             t
              ArrayOptN(
              ) [ArrayOptN]
              VarListN(
              ) [VarListN]
            ) [VarDecl]
          ) [VarDeclarations]
          VarDecl(
            Type(
             int
            ) [Type]
           k
            ArrayOptN(
            ) [ArrayOptN]
            VarListN(
            ) [VarListN]
          ) [VarDecl]
        ) [VarDeclarations]
        VarDecl(
          Type(
           char
          ) [Type]
         z
          ArrayOptY(
          ) [ArrayOptY]
          VarListN(
          ) [VarListN]
        ) [VarDecl]
      ) [VarDeclarations]
      Statements(
        Statements(
          Statements(
            Statements(
              Statements(
                Statements(
                  Statements(
                    Statements(
                      Statements(
                        Statements(
                          Statements(
                            NoStmt(
                            ) [NoStmt]
                            MatchedStmt(
                              MatchedDesignatorStatement(
                                Increment(
                                  Designator(
                                   a
                                    NoDesignatorOptions(
                                    ) [NoDesignatorOptions]
                                  ) [Designator]
                                ) [Increment]
                              ) [MatchedDesignatorStatement]
                            ) [MatchedStmt]
                          ) [Statements]
                          MatchedStmt(
                            MatchedDesignatorStatement(
                              Assignment(
                                Designator(
                                 t
                                  NoDesignatorOptions(
                                  ) [NoDesignatorOptions]
                                ) [Designator]
                                TermExpr(
                                  Term(
                                    Var(
                                      Designator(
                                       a
                                        NoDesignatorOptions(
                                        ) [NoDesignatorOptions]
                                      ) [Designator]
                                    ) [Var]
                                    NoFactor(
                                    ) [NoFactor]
                                  ) [Term]
                                ) [TermExpr]
                              ) [Assignment]
                            ) [MatchedDesignatorStatement]
                          ) [MatchedStmt]
                        ) [Statements]
                        MatchedStmt(
                          MatchedDesignatorStatement(
                            ProcCall(
                              Designator(
                               a
                                NoDesignatorOptions(
                                ) [NoDesignatorOptions]
                              ) [Designator]
                              NoActuals(
                              ) [NoActuals]
                            ) [ProcCall]
                          ) [MatchedDesignatorStatement]
                        ) [MatchedStmt]
                      ) [Statements]
                      MatchedStmt(
                        MatchedDesignatorStatement(
                          Assignment(
                            Designator(
                             k
                              NoDesignatorOptions(
                              ) [NoDesignatorOptions]
                            ) [Designator]
                            TermExpr(
                              Term(
                                FuncCall(
                                  Designator(
                                   bezReturna
                                    NoDesignatorOptions(
                                    ) [NoDesignatorOptions]
                                  ) [Designator]
                                  Actuals(
                                    ActualParam(
                                      TermExpr(
                                        Term(
                                          Var(
                                            Designator(
                                             t
                                              NoDesignatorOptions(
                                              ) [NoDesignatorOptions]
                                            ) [Designator]
                                          ) [Var]
                                          NoFactor(
                                          ) [NoFactor]
                                        ) [Term]
                                      ) [TermExpr]
                                    ) [ActualParam]
                                  ) [Actuals]
                                ) [FuncCall]
                                NoFactor(
                                ) [NoFactor]
                              ) [Term]
                            ) [TermExpr]
                          ) [Assignment]
                        ) [MatchedDesignatorStatement]
                      ) [MatchedStmt]
                    ) [Statements]
                    MatchedStmt(
                      MatchedDesignatorStatement(
                        Assignment(
                          Designator(
                           t
                            NoDesignatorOptions(
                            ) [NoDesignatorOptions]
                          ) [Designator]
                          TermExpr(
                            Term(
                              FuncCall(
                                Designator(
                                 pogresanRet
                                  NoDesignatorOptions(
                                  ) [NoDesignatorOptions]
                                ) [Designator]
                                Actuals(
                                  ActualParam(
                                    TermExpr(
                                      Term(
                                        Var(
                                          Designator(
                                           t
                                            NoDesignatorOptions(
                                            ) [NoDesignatorOptions]
                                          ) [Designator]
                                        ) [Var]
                                        NoFactor(
                                        ) [NoFactor]
                                      ) [Term]
                                    ) [TermExpr]
                                  ) [ActualParam]
                                ) [Actuals]
                              ) [FuncCall]
                              NoFactor(
                              ) [NoFactor]
                            ) [Term]
                          ) [TermExpr]
                        ) [Assignment]
                      ) [MatchedDesignatorStatement]
                    ) [MatchedStmt]
                  ) [Statements]
                  MatchedStmt(
                    MatchedDesignatorStatement(
                      Assignment(
                        Designator(
                         k
                          NoDesignatorOptions(
                          ) [NoDesignatorOptions]
                        ) [Designator]
                        AddExpr(
                          TermExpr(
                            Term(
                              Const(
                               3
                              ) [Const]
                              NoFactor(
                              ) [NoFactor]
                            ) [Term]
                          ) [TermExpr]
                          Plusop(
                          ) [Plusop]
                          Term(
                            Var(
                              Designator(
                               t
                                NoDesignatorOptions(
                                ) [NoDesignatorOptions]
                              ) [Designator]
                            ) [Var]
                            NoFactor(
                            ) [NoFactor]
                          ) [Term]
                        ) [AddExpr]
                      ) [Assignment]
                    ) [MatchedDesignatorStatement]
                  ) [MatchedStmt]
                ) [Statements]
                MatchedStmt(
                  MatchedBreak(
                  ) [MatchedBreak]
                ) [MatchedStmt]
              ) [Statements]
              MatchedStmt(
                MatchedDesignatorStatement(
                  Assignment(
                    Designator(
                     z
                      NoDesignatorOptions(
                      ) [NoDesignatorOptions]
                    ) [Designator]
                    TermExpr(
                      Term(
                        FactorNewArr(
                          Type(
                           char
                          ) [Type]
                          LsquareNt(
                          ) [LsquareNt]
                          DuzinaNiza(
                            TermExpr(
                              Term(
                                CharConst(
                                 3
                                ) [CharConst]
                                NoFactor(
                                ) [NoFactor]
                              ) [Term]
                            ) [TermExpr]
                          ) [DuzinaNiza]
                        ) [FactorNewArr]
                        NoFactor(
                        ) [NoFactor]
                      ) [Term]
                    ) [TermExpr]
                  ) [Assignment]
                ) [MatchedDesignatorStatement]
              ) [MatchedStmt]
            ) [Statements]
            MatchedStmt(
              MatchedDesignatorStatement(
                Assignment(
                  Designator(
                   z
                    NoDesignatorOptions(
                    ) [NoDesignatorOptions]
                  ) [Designator]
                  TermExpr(
                    Term(
                      FactorNewArrInit(
                        Type(
                         char
                        ) [Type]
                        LsquareNt(
                        ) [LsquareNt]
                        DuzinaNiza(
                          TermExpr(
                            Term(
                              Const(
                               3
                              ) [Const]
                              NoFactor(
                              ) [NoFactor]
                            ) [Term]
                          ) [TermExpr]
                        ) [DuzinaNiza]
                        NewInitListYes(
                          InitListYes(
                            InitListYes(
                              InitListNo(
                                TermExpr(
                                  Term(
                                    Const(
                                     1
                                    ) [Const]
                                    NoFactor(
                                    ) [NoFactor]
                                  ) [Term]
                                ) [TermExpr]
                              ) [InitListNo]
                              TermExpr(
                                Term(
                                  Const(
                                   3
                                  ) [Const]
                                  NoFactor(
                                  ) [NoFactor]
                                ) [Term]
                              ) [TermExpr]
                            ) [InitListYes]
                            TermExpr(
                              Term(
                                Const(
                                 4
                                ) [Const]
                                NoFactor(
                                ) [NoFactor]
                              ) [Term]
                            ) [TermExpr]
                          ) [InitListYes]
                        ) [NewInitListYes]
                      ) [FactorNewArrInit]
                      NoFactor(
                      ) [NoFactor]
                    ) [Term]
                  ) [TermExpr]
                ) [Assignment]
              ) [MatchedDesignatorStatement]
            ) [MatchedStmt]
          ) [Statements]
          MatchedStmt(
            MatchedDesignatorStatement(
              Assignment(
                Designator(
                 x
                  NoDesignatorOptions(
                  ) [NoDesignatorOptions]
                ) [Designator]
                TermExpr(
                  Term(
                    Const(
                     3
                    ) [Const]
                    NoFactor(
                    ) [NoFactor]
                  ) [Term]
                ) [TermExpr]
              ) [Assignment]
            ) [MatchedDesignatorStatement]
          ) [MatchedStmt]
        ) [Statements]
        MatchedStmt(
          MatchedDesignatorStatement(
            Assignment(
              Designator(
               k
                NoDesignatorOptions(
                ) [NoDesignatorOptions]
              ) [Designator]
              TermExpr(
                Term(
                  Var(
                    Designator(
                     LosEnum
                      DotDesignatorOption(
                       sedam
                      ) [DotDesignatorOption]
                    ) [Designator]
                  ) [Var]
                  NoFactor(
                  ) [NoFactor]
                ) [Term]
              ) [TermExpr]
            ) [Assignment]
          ) [MatchedDesignatorStatement]
        ) [MatchedStmt]
      ) [Statements]
    ) [MethodDecl]
  ) [MethodDeclarations]
) [Program]
INFO  17:15:27,533 - Deklarisano nabrajanje LosEnum na liniji 3
INFO  17:15:27,533 - Deklarisan element nabrajanja dva na liniji 3
INFO  17:15:27,533 - Deklarisan element nabrajanja nula na liniji 3
INFO  17:15:27,533 - Deklarisan element nabrajanja jedan na liniji 3
INFO  17:15:27,533 - Deklarisan element nabrajanja dvaopet na liniji 3
ERROR 17:15:27,533 - Dupla konstanta u enumu dvaopet na liniji 3
ERROR 17:15:27,533 - Deklarisana konstanta nije dobrog tipa: a na liniji 5
ERROR 17:15:27,533 - Nije pronadjen tip nesto u tabeli simbola na liniji 6
INFO  17:15:27,533 - Deklarisana promenljiva b na liniji 6
ERROR 17:15:27,533 - Greska: Ime b ne predstavlja tip  na liniji 7
INFO  17:15:27,533 - Deklarisana promenljiva c na liniji 7
INFO  17:15:27,533 - Obradjuje se funkcija bezReturna na liniji 10
INFO  17:15:27,534 - Deklarisana promenljiva z na liniji 11
INFO  17:15:27,534 - Upotreba lokalne promenljive z na liniji 13, Var z: int, 0, 1 
ERROR 17:15:27,534 - Semanticka greska na liniji 10: funkcija bezReturna nema return iskaz!
INFO  17:15:27,534 - Obradjuje se funkcija pogresanRet na liniji 16
INFO  17:15:27,534 - Deklarisan formalni parametar f na liniji 16
ERROR 17:15:27,534 - Greska na liniji 18 : tip izraza u return naredbi ne slaze se sa tipom povratne vrednosti funkcije pogresanRet
INFO  17:15:27,534 - Obradjuje se funkcija main na liniji 21
INFO  17:15:27,534 - Deklarisana promenljiva t na liniji 22
INFO  17:15:27,534 - Deklarisana promenljiva k na liniji 23
INFO  17:15:27,534 - Deklarisan niz z na liniji 24
INFO  17:15:27,534 - Upotreba globalne konstante a na liniji 26, Con a: int, 97, 0 
ERROR 17:15:27,534 - ++ mora imati promenljivu ili element niza: a na liniji 26
INFO  17:15:27,534 - Upotreba lokalne promenljive t na liniji 27, Var t: char, 0, 1 
INFO  17:15:27,534 - Upotreba globalne konstante a na liniji 27, Con a: int, 97, 0 
ERROR 17:15:27,534 - Greska na liniji 27 :  nekompatibilni tipovi u dodeli vrednosti 
INFO  17:15:27,534 - Upotreba globalne konstante a na liniji 28, Con a: int, 97, 0 
ERROR 17:15:27,534 - Greska na liniji 28 : ime a nije funkcija!
INFO  17:15:27,535 - Upotreba lokalne promenljive k na liniji 29, Var k: int, 1, 1 
INFO  17:15:27,535 - Upotreba lokalne promenljive t na liniji 29, Var t: char, 0, 1 
INFO  17:15:27,535 - Pronadjen poziv funkcije bezReturna na liniji 29, Meth bezReturna: int, 0, 0 
ERROR 17:15:27,535 - Greska na liniji 29 : funkcija bezReturna nije prosledjen dobar broj parametara!
INFO  17:15:27,535 - Upotreba lokalne promenljive t na liniji 30, Var t: char, 0, 1 
INFO  17:15:27,535 - Upotreba lokalne promenljive t na liniji 30, Var t: char, 0, 1 
INFO  17:15:27,535 - Pronadjen poziv funkcije pogresanRet na liniji 30, Meth pogresanRet: char, 0, 1 
ERROR 17:15:27,535 - Greska na liniji 30 pogresan tip parametra funkcije pogresanRet
INFO  17:15:27,535 - Upotreba lokalne promenljive k na liniji 32, Var k: int, 1, 1 
INFO  17:15:27,535 - Upotreba lokalne promenljive t na liniji 32, Var t: char, 0, 1 
ERROR 17:15:27,535 - Greska na liniji 32 : nekompatibilni tipovi u izrazu za sabiranje/oduzimanje.
ERROR 17:15:27,535 - Greska na liniji 32 :  nekompatibilni tipovi u dodeli vrednosti 
ERROR 17:15:27,535 - Greska na liniji 33 : break van fora! 
INFO  17:15:27,535 - Upotreba lokalne promenljive z na liniji 35, Var z: Arr of char, 2, 1 
ERROR 17:15:27,535 - Promenljiva izmedju [ ] mora biti INT na liniji 35
INFO  17:15:27,535 - Upotreba lokalne promenljive z na liniji 37, Var z: Arr of char, 2, 1 
ERROR 17:15:27,535 - Tip elemenata u inicijalizatorskoj listi ne odgovara tipu niza na liniji 37
ERROR 17:15:27,535 - Tip elemenata u inicijalizatorskoj listi ne odgovara tipu niza na liniji 37
ERROR 17:15:27,535 - Tip elemenata u inicijalizatorskoj listi ne odgovara tipu niza na liniji 37
ERROR 17:15:27,535 - Greska na liniji 39 : ime x nije deklarisano! 
INFO  17:15:27,535 - Upotreba lokalne promenljive x na liniji 39, Var noObj: notype, -1, -1 
ERROR 17:15:27,535 - Greska na liniji 39 :  nekompatibilni tipovi u dodeli vrednosti 
INFO  17:15:27,539 - Upotreba lokalne promenljive k na liniji 41, Var k: int, 1, 1 
ERROR 17:15:27,540 - Upotreba sedam nije element nabrajanja LosEnum na liniji 41
ERROR 17:15:27,540 - Greska na liniji 41 :  nekompatibilni tipovi u dodeli vrednosti 
INFO  17:15:27,540 - Print calls = 0
INFO  17:15:27,540 - Globalnih promenljivih = 2
INFO  17:15:27,540 - Globalnih konstanti = 1
INFO  17:15:27,540 - Globalnih nizova = 0
INFO  17:15:27,540 - Broj metoda = 3
INFO  17:15:27,540 - Broj enuma = 1
INFO  17:15:27,540 - =====================SYMBOL TABLE DUMP=========================
INFO  17:15:27,540 - 
Type int: int, -1, -1 
Type char: char, -1, -1 
Con eol: char, 10, 0 
Con null: Class [], 0, 0 
Meth chr: char, 0, 1 
   Var i: int, 0, 1 

Meth ord: int, 0, 1 
   Var ch: char, 0, 1 

Meth len: int, 0, 1 
   Var arr: Arr of notype, 0, 1 

Type bool: , -1, -1 
Prog semantickegreske: notype, 0, 1 
   Type LosEnum: , 0, 0 
   Con a: int, 97, 0 
   Var b: notype, 0, 0 
   Var c: notype, 1, 0 
   Meth bezReturna: int, 0, 0 
      Var z: int, 0, 1 

   Meth pogresanRet: char, 0, 1 
      Var f: int, 0, 1 

   Meth main: notype, 0, 0 
      Var t: char, 0, 1 
      Var k: int, 1, 1 
      Var z: Arr of char, 2, 1 



ERROR 17:15:27,540 - Parsiranje NIJE uspesno zavrseno!
