INFO  11:43:12,516 - #2 program
INFO  11:43:12,518 - #37 MJProgram
INFO  11:43:12,518 - #37 int
INFO  11:43:12,519 - #37 x
INFO  11:43:12,519 - #5 ;
INFO  11:43:12,519 - #37 int
INFO  11:43:12,520 - #37 y
INFO  11:43:12,520 - #5 ;
INFO  11:43:12,520 - #37 char
INFO  11:43:12,520 - #37 a
INFO  11:43:12,520 - #5 ;
INFO  11:43:12,520 - #3 {
INFO  11:43:12,520 - #37 int
INFO  11:43:12,521 - #37 k
INFO  11:43:12,521 - #6 (
INFO  11:43:12,521 - #7 )
INFO  11:43:12,521 - #37 int
INFO  11:43:12,521 - #37 c
INFO  11:43:12,521 - #5 ;
INFO  11:43:12,521 - #3 {
INFO  11:43:12,522 - #37 c
INFO  11:43:12,522 - #12 =
INFO  11:43:12,523 - #36 1
INFO  11:43:12,523 - #5 ;
INFO  11:43:12,523 - #10 return
INFO  11:43:12,524 - #37 c
INFO  11:43:12,526 - #11 +
INFO  11:43:12,526 - #36 2
INFO  11:43:12,526 - #5 ;
INFO  11:43:12,526 - #4 }
INFO  11:43:12,526 - #37 int
INFO  11:43:12,527 - #37 main
INFO  11:43:12,527 - #6 (
INFO  11:43:12,527 - #7 )
INFO  11:43:12,527 - #3 {
INFO  11:43:12,527 - #38 if
INFO  11:43:12,527 - #6 (
INFO  11:43:12,527 - #37 a
INFO  11:43:12,527 - #30 ==
INFO  11:43:12,527 - #36 5
INFO  11:43:12,528 - #28 &&
INFO  11:43:12,528 - #36 6
INFO  11:43:12,528 - #32 >
INFO  11:43:12,528 - #36 5
INFO  11:43:12,529 - #29 ||
INFO  11:43:12,529 - #37 a
INFO  11:43:12,529 - #7 )
INFO  11:43:12,530 - #3 {
INFO  11:43:12,530 - #37 a
INFO  11:43:12,530 - #40 ++
INFO  11:43:12,530 - #5 ;
INFO  11:43:12,530 - #37 x
INFO  11:43:12,530 - #41 --
INFO  11:43:12,530 - #5 ;
INFO  11:43:12,530 - #4 }
INFO  11:43:12,530 - #39 else
INFO  11:43:12,530 - #3 {
INFO  11:43:12,530 - #37 x
INFO  11:43:12,530 - #41 --
INFO  11:43:12,531 - #5 ;
INFO  11:43:12,531 - #37 x
INFO  11:43:12,531 - #40 ++
INFO  11:43:12,531 - #5 ;
INFO  11:43:12,531 - #4 }
INFO  11:43:12,531 - #37 y
INFO  11:43:12,531 - #12 =
INFO  11:43:12,531 - #37 x
INFO  11:43:12,531 - #22 [
INFO  11:43:12,531 - #36 2
INFO  11:43:12,532 - #23 ]
INFO  11:43:12,532 - #5 ;
INFO  11:43:12,532 - #3 {
INFO  11:43:12,532 - #37 y
INFO  11:43:12,532 - #12 =
INFO  11:43:12,532 - #37 x
INFO  11:43:12,532 - #22 [
INFO  11:43:12,532 - #36 2
INFO  11:43:12,532 - #23 ]
INFO  11:43:12,532 - #5 ;
INFO  11:43:12,532 - #37 x
INFO  11:43:12,532 - #12 =
INFO  11:43:12,532 - #36 2
INFO  11:43:12,532 - #5 ;
INFO  11:43:12,532 - #3 {
INFO  11:43:12,532 - #37 y
INFO  11:43:12,533 - #12 =
INFO  11:43:12,536 - #37 k
INFO  11:43:12,536 - #6 (
INFO  11:43:12,536 - #7 )
INFO  11:43:12,536 - #5 ;
INFO  11:43:12,536 - #26 break
INFO  11:43:12,537 - #5 ;
INFO  11:43:12,537 - #4 }
INFO  11:43:12,537 - #27 continue
INFO  11:43:12,537 - #5 ;
INFO  11:43:12,537 - #4 }
INFO  11:43:12,538 - #25 for
INFO  11:43:12,538 - #6 (
INFO  11:43:12,538 - #37 x
INFO  11:43:12,538 - #12 =
INFO  11:43:12,538 - #36 4
INFO  11:43:12,538 - #5 ;
INFO  11:43:12,539 - #37 x
INFO  11:43:12,539 - #30 ==
INFO  11:43:12,539 - #36 5
INFO  11:43:12,539 - #5 ;
INFO  11:43:12,539 - #37 x
INFO  11:43:12,539 - #40 ++
INFO  11:43:12,539 - #7 )
INFO  11:43:12,539 - #3 {
INFO  11:43:12,539 - #37 y
INFO  11:43:12,539 - #12 =
INFO  11:43:12,539 - #37 x
INFO  11:43:12,539 - #5 ;
INFO  11:43:12,540 - #26 break
INFO  11:43:12,540 - #5 ;
INFO  11:43:12,540 - #4 }
INFO  11:43:12,540 - #25 for
INFO  11:43:12,541 - #6 (
INFO  11:43:12,541 - #37 x
INFO  11:43:12,541 - #12 =
INFO  11:43:12,541 - #36 4
INFO  11:43:12,541 - #5 ;
INFO  11:43:12,541 - #36 4
INFO  11:43:12,541 - #32 >
INFO  11:43:12,541 - #36 7
INFO  11:43:12,541 - #29 ||
INFO  11:43:12,541 - #36 4
INFO  11:43:12,541 - #30 ==
INFO  11:43:12,541 - #36 6
INFO  11:43:12,541 - #28 &&
INFO  11:43:12,541 - #37 a
INFO  11:43:12,541 - #35 <=
INFO  11:43:12,541 - #36 3
INFO  11:43:12,542 - #28 &&
INFO  11:43:12,542 - #37 a
INFO  11:43:12,542 - #5 ;
INFO  11:43:12,542 - #37 x
INFO  11:43:12,542 - #40 ++
INFO  11:43:12,542 - #7 )
INFO  11:43:12,542 - #3 {
INFO  11:43:12,542 - #37 a
INFO  11:43:12,542 - #40 ++
INFO  11:43:12,542 - #5 ;
INFO  11:43:12,542 - #37 y
INFO  11:43:12,542 - #12 =
INFO  11:43:12,542 - #37 k
INFO  11:43:12,542 - #6 (
INFO  11:43:12,542 - #7 )
INFO  11:43:12,542 - #11 +
INFO  11:43:12,542 - #36 8
INFO  11:43:12,542 - #5 ;
INFO  11:43:12,542 - #4 }
INFO  11:43:12,542 - #25 for
INFO  11:43:12,543 - #6 (
INFO  11:43:12,543 - #5 ;
INFO  11:43:12,543 - #5 ;
INFO  11:43:12,543 - #7 )
INFO  11:43:12,543 - #38 if
INFO  11:43:12,543 - #6 (
INFO  11:43:12,543 - #37 a
INFO  11:43:12,543 - #30 ==
INFO  11:43:12,543 - #36 5
INFO  11:43:12,543 - #7 )
INFO  11:43:12,544 - #3 {
INFO  11:43:12,544 - #37 a
INFO  11:43:12,544 - #41 --
INFO  11:43:12,544 - #5 ;
INFO  11:43:12,544 - #37 a
INFO  11:43:12,544 - #40 ++
INFO  11:43:12,544 - #5 ;
INFO  11:43:12,544 - #4 }
INFO  11:43:12,544 - #39 else
INFO  11:43:12,544 - #37 x
INFO  11:43:12,544 - #41 --
INFO  11:43:12,544 - #5 ;
INFO  11:43:12,544 - #37 x
INFO  11:43:12,544 - #12 =
INFO  11:43:12,544 - #37 k
INFO  11:43:12,544 - #6 (
INFO  11:43:12,544 - #7 )
INFO  11:43:12,544 - #5 ;
INFO  11:43:12,544 - #14 read
INFO  11:43:12,544 - #6 (
INFO  11:43:12,544 - #37 y
INFO  11:43:12,544 - #7 )
INFO  11:43:12,544 - #5 ;
INFO  11:43:12,544 - #37 y
INFO  11:43:12,544 - #40 ++
INFO  11:43:12,544 - #5 ;
INFO  11:43:12,545 - #37 x
INFO  11:43:12,545 - #41 --
INFO  11:43:12,545 - #5 ;
INFO  11:43:12,545 - #37 x
INFO  11:43:12,545 - #12 =
INFO  11:43:12,545 - #36 3
INFO  11:43:12,545 - #5 ;
INFO  11:43:12,545 - #37 x
INFO  11:43:12,545 - #12 =
INFO  11:43:12,545 - #37 y
INFO  11:43:12,545 - #15 -
INFO  11:43:12,545 - #36 2
INFO  11:43:12,545 - #5 ;
INFO  11:43:12,545 - #37 x
INFO  11:43:12,545 - #12 =
INFO  11:43:12,545 - #37 x
INFO  11:43:12,545 - #18 %
INFO  11:43:12,546 - #37 y
INFO  11:43:12,546 - #11 +
INFO  11:43:12,547 - #36 2
INFO  11:43:12,547 - #11 +
INFO  11:43:12,547 - #36 3
INFO  11:43:12,547 - #16 *
INFO  11:43:12,547 - #36 5
INFO  11:43:12,547 - #5 ;
INFO  11:43:12,547 - #37 y
INFO  11:43:12,547 - #12 =
INFO  11:43:12,547 - #37 y
INFO  11:43:12,547 - #16 *
INFO  11:43:12,547 - #37 y
INFO  11:43:12,547 - #5 ;
INFO  11:43:12,547 - #37 y
INFO  11:43:12,547 - #12 =
INFO  11:43:12,547 - #37 k
INFO  11:43:12,547 - #6 (
INFO  11:43:12,547 - #7 )
INFO  11:43:12,547 - #11 +
INFO  11:43:12,548 - #36 3
INFO  11:43:12,548 - #5 ;
INFO  11:43:12,548 - #9 print
INFO  11:43:12,548 - #6 (
INFO  11:43:12,548 - #37 y
INFO  11:43:12,548 - #7 )
INFO  11:43:12,548 - #5 ;
INFO  11:43:12,548 - #9 print
INFO  11:43:12,548 - #6 (
INFO  11:43:12,548 - #37 y
INFO  11:43:12,549 - #8 ,
INFO  11:43:12,549 - #36 1
INFO  11:43:12,549 - #7 )
INFO  11:43:12,549 - #5 ;
INFO  11:43:12,549 - #10 return
INFO  11:43:12,549 - #36 0
INFO  11:43:12,549 - #5 ;
INFO  11:43:12,549 - #4 }
INFO  11:43:12,549 - #4 }
INFO  11:43:30,292 - #2 program
INFO  11:43:30,292 - #37 MJProgram
INFO  11:43:30,292 - #37 int
INFO  11:43:30,293 - #37 x
INFO  11:43:30,293 - #5 ;
INFO  11:43:30,293 - #37 int
INFO  11:43:30,294 - #37 y
INFO  11:43:30,294 - #5 ;
INFO  11:43:30,294 - #37 char
INFO  11:43:30,294 - #37 a
INFO  11:43:30,294 - #5 ;
INFO  11:43:30,294 - #3 {
INFO  11:43:30,294 - #37 int
INFO  11:43:30,294 - #37 k
INFO  11:43:30,294 - #6 (
INFO  11:43:30,295 - #7 )
INFO  11:43:30,295 - #37 int
INFO  11:43:30,295 - #37 c
INFO  11:43:30,295 - #5 ;
INFO  11:43:30,295 - #3 {
INFO  11:43:30,295 - #37 c
INFO  11:43:30,296 - #12 =
INFO  11:43:30,296 - #36 1
INFO  11:43:30,296 - #5 ;
INFO  11:43:30,297 - #10 return
INFO  11:43:30,297 - #37 c
INFO  11:43:30,297 - #11 +
INFO  11:43:30,297 - #36 2
INFO  11:43:30,298 - #5 ;
INFO  11:43:30,298 - #4 }
INFO  11:43:30,298 - #37 int
INFO  11:43:30,299 - #37 main
INFO  11:43:30,299 - #6 (
INFO  11:43:30,299 - #7 )
INFO  11:43:30,299 - #3 {
INFO  11:43:30,299 - #38 if
INFO  11:43:30,299 - #6 (
INFO  11:43:30,299 - #37 a
INFO  11:43:30,299 - #30 ==
INFO  11:43:30,299 - #36 5
INFO  11:43:30,300 - #28 &&
INFO  11:43:30,301 - #36 6
INFO  11:43:30,301 - #32 >
INFO  11:43:30,301 - #36 5
INFO  11:43:30,301 - #29 ||
INFO  11:43:30,302 - #37 a
INFO  11:43:30,302 - #7 )
INFO  11:43:30,302 - #3 {
INFO  11:43:30,302 - #37 a
INFO  11:43:30,302 - #40 ++
INFO  11:43:30,302 - #5 ;
INFO  11:43:30,303 - #37 x
INFO  11:43:30,303 - #41 --
INFO  11:43:30,303 - #5 ;
INFO  11:43:30,303 - #4 }
INFO  11:43:30,303 - #39 else
INFO  11:43:30,303 - #3 {
INFO  11:43:30,303 - #37 x
INFO  11:43:30,303 - #41 --
INFO  11:43:30,303 - #5 ;
INFO  11:43:30,303 - #37 x
INFO  11:43:30,303 - #40 ++
INFO  11:43:30,303 - #5 ;
INFO  11:43:30,303 - #4 }
INFO  11:43:30,303 - #37 y
INFO  11:43:30,303 - #12 =
INFO  11:43:30,303 - #37 x
INFO  11:43:30,303 - #22 [
INFO  11:43:30,304 - #36 2
INFO  11:43:30,304 - #23 ]
INFO  11:43:30,304 - #5 ;
INFO  11:43:30,304 - #3 {
INFO  11:43:30,304 - #37 y
INFO  11:43:30,304 - #12 =
INFO  11:43:30,304 - #37 x
INFO  11:43:30,304 - #22 [
INFO  11:43:30,304 - #36 2
INFO  11:43:30,304 - #23 ]
INFO  11:43:30,304 - #5 ;
INFO  11:43:30,304 - #37 x
INFO  11:43:30,304 - #12 =
INFO  11:43:30,304 - #36 2
INFO  11:43:30,304 - #5 ;
INFO  11:43:30,304 - #3 {
INFO  11:43:30,304 - #37 y
INFO  11:43:30,304 - #12 =
INFO  11:43:30,304 - #37 k
INFO  11:43:30,304 - #6 (
INFO  11:43:30,304 - #7 )
INFO  11:43:30,305 - #5 ;
INFO  11:43:30,305 - #26 break
INFO  11:43:30,305 - #5 ;
INFO  11:43:30,305 - #4 }
INFO  11:43:30,306 - #27 continue
INFO  11:43:30,306 - #5 ;
INFO  11:43:30,306 - #4 }
INFO  11:43:30,306 - #25 for
INFO  11:43:30,306 - #6 (
INFO  11:43:30,307 - #37 x
INFO  11:43:30,307 - #12 =
INFO  11:43:30,307 - #36 4
INFO  11:43:30,307 - #5 ;
INFO  11:43:30,307 - #37 x
INFO  11:43:30,307 - #30 ==
INFO  11:43:30,307 - #36 5
INFO  11:43:30,307 - #5 ;
INFO  11:43:30,307 - #37 x
INFO  11:43:30,307 - #40 ++
INFO  11:43:30,307 - #7 )
INFO  11:43:30,307 - #3 {
INFO  11:43:30,307 - #37 y
INFO  11:43:30,307 - #12 =
INFO  11:43:30,307 - #37 x
INFO  11:43:30,307 - #5 ;
INFO  11:43:30,307 - #26 break
INFO  11:43:30,307 - #5 ;
INFO  11:43:30,307 - #4 }
INFO  11:43:30,307 - #25 for
INFO  11:43:30,308 - #6 (
INFO  11:43:30,308 - #37 x
INFO  11:43:30,308 - #12 =
INFO  11:43:30,308 - #36 4
INFO  11:43:30,308 - #5 ;
INFO  11:43:30,308 - #36 4
INFO  11:43:30,308 - #32 >
INFO  11:43:30,308 - #36 7
INFO  11:43:30,308 - #29 ||
INFO  11:43:30,308 - #36 4
INFO  11:43:30,308 - #30 ==
INFO  11:43:30,308 - #36 6
INFO  11:43:30,309 - #28 &&
INFO  11:43:30,309 - #37 a
INFO  11:43:30,309 - #35 <=
INFO  11:43:30,309 - #36 3
INFO  11:43:30,309 - #28 &&
INFO  11:43:30,309 - #37 a
INFO  11:43:30,309 - #5 ;
INFO  11:43:30,309 - #37 x
INFO  11:43:30,309 - #40 ++
INFO  11:43:30,309 - #7 )
INFO  11:43:30,309 - #3 {
INFO  11:43:30,309 - #37 a
INFO  11:43:30,309 - #40 ++
INFO  11:43:30,309 - #5 ;
INFO  11:43:30,309 - #37 y
INFO  11:43:30,309 - #12 =
INFO  11:43:30,310 - #37 k
INFO  11:43:30,310 - #6 (
INFO  11:43:30,310 - #7 )
INFO  11:43:30,310 - #11 +
INFO  11:43:30,313 - #36 8
INFO  11:43:30,313 - #5 ;
INFO  11:43:30,313 - #4 }
INFO  11:43:30,313 - #25 for
INFO  11:43:30,313 - #6 (
INFO  11:43:30,313 - #5 ;
INFO  11:43:30,313 - #5 ;
INFO  11:43:30,313 - #7 )
INFO  11:43:30,313 - #38 if
INFO  11:43:30,313 - #6 (
INFO  11:43:30,314 - #37 a
INFO  11:43:30,314 - #30 ==
INFO  11:43:30,314 - #36 5
INFO  11:43:30,314 - #7 )
INFO  11:43:30,314 - #3 {
INFO  11:43:30,314 - #37 a
INFO  11:43:30,314 - #41 --
INFO  11:43:30,314 - #5 ;
INFO  11:43:30,314 - #37 a
INFO  11:43:30,314 - #40 ++
INFO  11:43:30,314 - #5 ;
INFO  11:43:30,314 - #4 }
INFO  11:43:30,314 - #39 else
INFO  11:43:30,314 - #37 x
INFO  11:43:30,314 - #41 --
INFO  11:43:30,314 - #5 ;
INFO  11:43:30,314 - #37 x
INFO  11:43:30,314 - #12 =
INFO  11:43:30,314 - #37 k
INFO  11:43:30,314 - #6 (
INFO  11:43:30,314 - #7 )
INFO  11:43:30,314 - #5 ;
INFO  11:43:30,314 - #14 read
INFO  11:43:30,315 - #6 (
INFO  11:43:30,315 - #37 y
INFO  11:43:30,315 - #7 )
INFO  11:43:30,315 - #5 ;
INFO  11:43:30,315 - #37 y
INFO  11:43:30,315 - #40 ++
INFO  11:43:30,315 - #5 ;
INFO  11:43:30,315 - #37 x
INFO  11:43:30,315 - #41 --
INFO  11:43:30,315 - #5 ;
INFO  11:43:30,315 - #37 x
INFO  11:43:30,315 - #12 =
INFO  11:43:30,315 - #36 3
INFO  11:43:30,315 - #5 ;
INFO  11:43:30,315 - #37 x
INFO  11:43:30,315 - #12 =
INFO  11:43:30,316 - #37 y
INFO  11:43:30,316 - #15 -
INFO  11:43:30,316 - #36 2
INFO  11:43:30,316 - #5 ;
INFO  11:43:30,316 - #37 x
INFO  11:43:30,316 - #12 =
INFO  11:43:30,316 - #37 x
INFO  11:43:30,316 - #18 %
INFO  11:43:30,316 - #37 y
INFO  11:43:30,317 - #11 +
INFO  11:43:30,317 - #36 2
INFO  11:43:30,317 - #11 +
INFO  11:43:30,317 - #36 3
INFO  11:43:30,317 - #16 *
INFO  11:43:30,317 - #36 5
INFO  11:43:30,318 - #5 ;
INFO  11:43:30,318 - #37 y
INFO  11:43:30,318 - #12 =
INFO  11:43:30,318 - #37 y
INFO  11:43:30,318 - #16 *
INFO  11:43:30,318 - #37 y
INFO  11:43:30,318 - #5 ;
INFO  11:43:30,318 - #37 y
INFO  11:43:30,318 - #12 =
INFO  11:43:30,318 - #37 k
INFO  11:43:30,318 - #6 (
INFO  11:43:30,318 - #7 )
INFO  11:43:30,318 - #11 +
INFO  11:43:30,318 - #36 3
INFO  11:43:30,318 - #5 ;
INFO  11:43:30,318 - #9 print
INFO  11:43:30,318 - #6 (
INFO  11:43:30,318 - #37 y
INFO  11:43:30,318 - #7 )
INFO  11:43:30,318 - #5 ;
INFO  11:43:30,318 - #9 print
INFO  11:43:30,319 - #6 (
INFO  11:43:30,319 - #37 y
INFO  11:43:30,319 - #8 ,
INFO  11:43:30,319 - #36 1
INFO  11:43:30,319 - #7 )
INFO  11:43:30,319 - #5 ;
INFO  11:43:30,319 - #10 return
INFO  11:43:30,319 - #36 0
INFO  11:43:30,319 - #5 ;
INFO  11:43:30,319 - #4 }
INFO  11:43:30,319 - #4 }
INFO  11:43:38,960 - #2 program
INFO  11:43:38,960 - #37 MJProgram
INFO  11:43:38,960 - #37 int
INFO  11:43:38,961 - #37 x
INFO  11:43:38,962 - #5 ;
INFO  11:43:38,962 - #37 int
INFO  11:43:38,962 - #37 y
INFO  11:43:38,962 - #5 ;
INFO  11:43:38,962 - #37 char
INFO  11:43:38,962 - #37 a
INFO  11:43:38,963 - #5 ;
INFO  11:43:38,963 - #3 {
INFO  11:43:38,963 - #37 int
INFO  11:43:38,963 - #37 k
INFO  11:43:38,963 - #6 (
INFO  11:43:38,963 - #7 )
INFO  11:43:38,964 - #37 int
INFO  11:43:38,964 - #37 c
INFO  11:43:38,964 - #5 ;
INFO  11:43:38,964 - #3 {
INFO  11:43:38,964 - #37 c
INFO  11:43:38,964 - #12 =
INFO  11:43:38,965 - #36 1
INFO  11:43:38,965 - #5 ;
INFO  11:43:38,966 - #10 return
INFO  11:43:38,966 - #37 c
INFO  11:43:38,967 - #11 +
INFO  11:43:38,967 - #36 2
INFO  11:43:38,967 - #5 ;
INFO  11:43:38,967 - #4 }
INFO  11:43:38,968 - #37 int
INFO  11:43:38,968 - #37 main
INFO  11:43:38,968 - #6 (
INFO  11:43:38,968 - #7 )
INFO  11:43:38,968 - #3 {
INFO  11:43:38,968 - #38 if
INFO  11:43:38,968 - #6 (
INFO  11:43:38,969 - #37 a
INFO  11:43:38,969 - #30 ==
INFO  11:43:38,969 - #36 5
INFO  11:43:38,969 - #28 &&
INFO  11:43:38,970 - #36 6
INFO  11:43:38,970 - #32 >
INFO  11:43:38,970 - #36 5
INFO  11:43:38,971 - #29 ||
INFO  11:43:38,971 - #37 a
INFO  11:43:38,971 - #7 )
INFO  11:43:38,972 - #3 {
INFO  11:43:38,972 - #37 a
INFO  11:43:38,972 - #40 ++
INFO  11:43:38,972 - #5 ;
INFO  11:43:38,972 - #37 x
INFO  11:43:38,972 - #41 --
INFO  11:43:38,972 - #5 ;
INFO  11:43:38,972 - #4 }
INFO  11:43:38,972 - #39 else
INFO  11:43:38,973 - #3 {
INFO  11:43:38,973 - #37 x
INFO  11:43:38,973 - #41 --
INFO  11:43:38,973 - #5 ;
INFO  11:43:38,973 - #37 x
INFO  11:43:38,973 - #40 ++
INFO  11:43:38,973 - #5 ;
INFO  11:43:38,973 - #4 }
INFO  11:43:38,973 - #37 y
INFO  11:43:38,973 - #12 =
INFO  11:43:38,973 - #37 x
INFO  11:43:38,973 - #22 [
INFO  11:43:38,973 - #36 2
INFO  11:43:38,973 - #23 ]
INFO  11:43:38,974 - #5 ;
INFO  11:43:38,974 - #3 {
INFO  11:43:38,974 - #37 y
INFO  11:43:38,974 - #12 =
INFO  11:43:38,974 - #37 x
INFO  11:43:38,974 - #22 [
INFO  11:43:38,974 - #36 2
INFO  11:43:38,974 - #23 ]
INFO  11:43:38,974 - #5 ;
INFO  11:43:38,974 - #37 x
INFO  11:43:38,974 - #12 =
INFO  11:43:38,974 - #36 2
INFO  11:43:38,974 - #5 ;
INFO  11:43:38,974 - #3 {
INFO  11:43:38,975 - #37 y
INFO  11:43:38,975 - #12 =
INFO  11:43:38,978 - #37 k
INFO  11:43:38,978 - #6 (
INFO  11:43:38,978 - #7 )
INFO  11:43:38,978 - #5 ;
INFO  11:43:38,979 - #26 break
INFO  11:43:38,979 - #5 ;
INFO  11:43:38,979 - #4 }
INFO  11:43:38,981 - #27 continue
INFO  11:43:38,981 - #5 ;
INFO  11:43:38,981 - #4 }
INFO  11:43:38,982 - #25 for
INFO  11:43:38,982 - #6 (
INFO  11:43:38,982 - #37 x
INFO  11:43:38,982 - #12 =
INFO  11:43:38,982 - #36 4
INFO  11:43:38,982 - #5 ;
INFO  11:43:38,982 - #37 x
INFO  11:43:38,982 - #30 ==
INFO  11:43:38,982 - #36 5
INFO  11:43:38,983 - #5 ;
INFO  11:43:38,983 - #37 x
INFO  11:43:38,983 - #40 ++
INFO  11:43:38,983 - #7 )
INFO  11:43:38,983 - #3 {
INFO  11:43:38,983 - #37 y
INFO  11:43:38,983 - #12 =
INFO  11:43:38,983 - #37 x
INFO  11:43:38,983 - #5 ;
INFO  11:43:38,983 - #26 break
INFO  11:43:38,983 - #5 ;
INFO  11:43:38,983 - #4 }
INFO  11:43:38,983 - #25 for
INFO  11:43:38,984 - #6 (
INFO  11:43:38,984 - #37 x
INFO  11:43:38,984 - #12 =
INFO  11:43:38,984 - #36 4
INFO  11:43:38,984 - #5 ;
INFO  11:43:38,984 - #36 4
INFO  11:43:38,984 - #32 >
INFO  11:43:38,984 - #36 7
INFO  11:43:38,984 - #29 ||
INFO  11:43:38,984 - #36 4
INFO  11:43:38,984 - #30 ==
INFO  11:43:38,984 - #36 6
INFO  11:43:38,984 - #28 &&
INFO  11:43:38,984 - #37 a
INFO  11:43:38,984 - #35 <=
INFO  11:43:38,984 - #36 3
INFO  11:43:38,985 - #28 &&
INFO  11:43:38,985 - #37 a
INFO  11:43:38,985 - #5 ;
INFO  11:43:38,985 - #37 x
INFO  11:43:38,985 - #40 ++
INFO  11:43:38,985 - #7 )
INFO  11:43:38,985 - #3 {
INFO  11:43:38,985 - #37 a
INFO  11:43:38,985 - #40 ++
INFO  11:43:38,985 - #5 ;
INFO  11:43:38,985 - #37 y
INFO  11:43:38,985 - #12 =
INFO  11:43:38,985 - #37 k
INFO  11:43:38,985 - #6 (
INFO  11:43:38,985 - #7 )
INFO  11:43:38,986 - #11 +
INFO  11:43:38,986 - #36 8
INFO  11:43:38,986 - #5 ;
INFO  11:43:38,986 - #4 }
INFO  11:43:38,986 - #25 for
INFO  11:43:38,986 - #6 (
INFO  11:43:38,986 - #5 ;
INFO  11:43:38,987 - #5 ;
INFO  11:43:38,988 - #7 )
INFO  11:43:38,988 - #38 if
INFO  11:43:38,988 - #6 (
INFO  11:43:38,988 - #37 a
INFO  11:43:38,988 - #30 ==
INFO  11:43:38,988 - #36 5
INFO  11:43:38,988 - #7 )
INFO  11:43:38,988 - #3 {
INFO  11:43:38,988 - #37 a
INFO  11:43:38,988 - #41 --
INFO  11:43:38,988 - #5 ;
INFO  11:43:38,988 - #37 a
INFO  11:43:38,988 - #40 ++
INFO  11:43:38,988 - #5 ;
INFO  11:43:38,988 - #4 }
INFO  11:43:38,988 - #39 else
INFO  11:43:38,988 - #37 x
INFO  11:43:38,988 - #41 --
INFO  11:43:38,988 - #5 ;
INFO  11:43:38,988 - #37 x
INFO  11:43:38,988 - #12 =
INFO  11:43:38,988 - #37 k
INFO  11:43:38,988 - #6 (
INFO  11:43:38,988 - #7 )
INFO  11:43:38,988 - #5 ;
INFO  11:43:38,988 - #14 read
INFO  11:43:38,989 - #6 (
INFO  11:43:38,989 - #37 y
INFO  11:43:38,989 - #7 )
INFO  11:43:38,989 - #5 ;
INFO  11:43:38,989 - #37 y
INFO  11:43:38,989 - #40 ++
INFO  11:43:38,989 - #5 ;
INFO  11:43:38,989 - #37 x
INFO  11:43:38,989 - #41 --
INFO  11:43:38,989 - #5 ;
INFO  11:43:38,989 - #37 x
INFO  11:43:38,989 - #12 =
INFO  11:43:38,989 - #36 3
INFO  11:43:38,989 - #5 ;
INFO  11:43:38,989 - #37 x
INFO  11:43:38,989 - #12 =
INFO  11:43:38,989 - #37 y
INFO  11:43:38,989 - #15 -
INFO  11:43:38,989 - #36 2
INFO  11:43:38,990 - #5 ;
INFO  11:43:38,990 - #37 x
INFO  11:43:38,990 - #12 =
INFO  11:43:38,990 - #37 x
INFO  11:43:38,990 - #18 %
INFO  11:43:38,990 - #37 y
INFO  11:43:38,990 - #11 +
INFO  11:43:38,991 - #36 2
INFO  11:43:38,991 - #11 +
INFO  11:43:38,991 - #36 3
INFO  11:43:38,991 - #16 *
INFO  11:43:38,991 - #36 5
INFO  11:43:38,991 - #5 ;
INFO  11:43:38,991 - #37 y
INFO  11:43:38,991 - #12 =
INFO  11:43:38,991 - #37 y
INFO  11:43:38,991 - #16 *
INFO  11:43:38,991 - #37 y
INFO  11:43:38,991 - #5 ;
INFO  11:43:38,991 - #37 y
INFO  11:43:38,991 - #12 =
INFO  11:43:38,991 - #37 k
INFO  11:43:38,991 - #6 (
INFO  11:43:38,992 - #7 )
INFO  11:43:38,992 - #11 +
INFO  11:43:38,992 - #36 3
INFO  11:43:38,992 - #5 ;
INFO  11:43:38,992 - #9 print
INFO  11:43:38,992 - #6 (
INFO  11:43:38,992 - #37 y
INFO  11:43:38,992 - #7 )
INFO  11:43:38,992 - #5 ;
INFO  11:43:38,992 - #9 print
INFO  11:43:38,992 - #6 (
INFO  11:43:38,992 - #37 y
INFO  11:43:38,992 - #8 ,
INFO  11:43:38,992 - #36 1
INFO  11:43:38,992 - #7 )
INFO  11:43:38,992 - #5 ;
INFO  11:43:38,992 - #10 return
INFO  11:43:38,992 - #36 0
INFO  11:43:38,992 - #5 ;
INFO  11:43:38,992 - #4 }
INFO  11:43:38,992 - #4 }
INFO  11:43:51,500 - #2 program
INFO  11:43:51,501 - #37 MJProgram
INFO  11:43:51,501 - #37 int
INFO  11:43:51,502 - #37 x
INFO  11:43:51,502 - #5 ;
INFO  11:43:51,502 - #37 int
INFO  11:43:51,503 - #37 y
INFO  11:43:51,503 - #5 ;
INFO  11:43:51,503 - #37 char
INFO  11:43:51,503 - #37 a
INFO  11:43:51,503 - #5 ;
INFO  11:43:51,503 - #3 {
INFO  11:43:51,503 - #37 int
INFO  11:43:51,503 - #37 k
INFO  11:43:51,503 - #6 (
INFO  11:43:51,504 - #7 )
INFO  11:43:51,504 - #37 int
INFO  11:43:51,504 - #37 c
INFO  11:43:51,504 - #5 ;
INFO  11:43:51,504 - #3 {
INFO  11:43:51,504 - #37 c
INFO  11:43:51,505 - #12 =
INFO  11:43:51,505 - #36 1
INFO  11:43:51,506 - #5 ;
INFO  11:43:51,507 - #10 return
INFO  11:43:51,507 - #37 c
INFO  11:43:51,507 - #11 +
INFO  11:43:51,507 - #36 2
INFO  11:43:51,508 - #5 ;
INFO  11:43:51,508 - #4 }
INFO  11:43:51,508 - #37 int
INFO  11:43:51,508 - #37 main
INFO  11:43:51,508 - #6 (
INFO  11:43:51,508 - #7 )
INFO  11:43:51,508 - #3 {
INFO  11:43:51,508 - #38 if
INFO  11:43:51,508 - #6 (
INFO  11:43:51,509 - #37 a
INFO  11:43:51,509 - #30 ==
INFO  11:43:51,509 - #36 5
INFO  11:43:51,509 - #28 &&
INFO  11:43:51,510 - #36 6
INFO  11:43:51,510 - #32 >
INFO  11:43:51,510 - #36 5
INFO  11:43:51,510 - #29 ||
INFO  11:43:51,510 - #37 a
INFO  11:43:51,510 - #7 )
INFO  11:43:51,511 - #3 {
INFO  11:43:51,511 - #37 a
INFO  11:43:51,511 - #40 ++
INFO  11:43:51,511 - #5 ;
INFO  11:43:51,511 - #37 x
INFO  11:43:51,511 - #41 --
INFO  11:43:51,511 - #5 ;
INFO  11:43:51,511 - #4 }
INFO  11:43:51,511 - #39 else
INFO  11:43:51,511 - #3 {
INFO  11:43:51,511 - #37 x
INFO  11:43:51,512 - #41 --
INFO  11:43:51,512 - #5 ;
INFO  11:43:51,512 - #37 x
INFO  11:43:51,512 - #40 ++
INFO  11:43:51,512 - #5 ;
INFO  11:43:51,512 - #4 }
INFO  11:43:51,512 - #37 y
INFO  11:43:51,512 - #12 =
INFO  11:43:51,512 - #37 x
INFO  11:43:51,512 - #22 [
INFO  11:43:51,512 - #36 2
INFO  11:43:51,512 - #23 ]
INFO  11:43:51,512 - #5 ;
INFO  11:43:51,512 - #3 {
INFO  11:43:51,512 - #37 y
INFO  11:43:51,512 - #12 =
INFO  11:43:51,512 - #37 x
INFO  11:43:51,513 - #22 [
INFO  11:43:51,513 - #36 2
INFO  11:43:51,513 - #23 ]
INFO  11:43:51,513 - #5 ;
INFO  11:43:51,513 - #37 x
INFO  11:43:51,513 - #12 =
INFO  11:43:51,513 - #36 2
INFO  11:43:51,513 - #5 ;
INFO  11:43:51,513 - #3 {
INFO  11:43:51,513 - #37 y
INFO  11:43:51,513 - #12 =
INFO  11:43:51,513 - #37 k
INFO  11:43:51,513 - #6 (
INFO  11:43:51,513 - #7 )
INFO  11:43:51,513 - #5 ;
INFO  11:43:51,514 - #26 break
INFO  11:43:51,514 - #5 ;
INFO  11:43:51,514 - #4 }
INFO  11:43:51,514 - #27 continue
INFO  11:43:51,514 - #5 ;
INFO  11:43:51,514 - #4 }
INFO  11:43:51,515 - #25 for
INFO  11:43:51,515 - #6 (
INFO  11:43:51,515 - #37 x
INFO  11:43:51,515 - #12 =
INFO  11:43:51,515 - #36 4
INFO  11:43:51,515 - #5 ;
INFO  11:43:51,515 - #37 x
INFO  11:43:51,515 - #30 ==
INFO  11:43:51,515 - #36 5
INFO  11:43:51,515 - #5 ;
INFO  11:43:51,515 - #37 x
INFO  11:43:51,515 - #40 ++
INFO  11:43:51,515 - #7 )
INFO  11:43:51,515 - #3 {
INFO  11:43:51,515 - #37 y
INFO  11:43:51,515 - #12 =
INFO  11:43:51,515 - #37 x
INFO  11:43:51,515 - #5 ;
INFO  11:43:51,516 - #26 break
INFO  11:43:51,516 - #5 ;
INFO  11:43:51,516 - #4 }
INFO  11:43:51,516 - #25 for
INFO  11:43:51,516 - #6 (
INFO  11:43:51,516 - #37 x
INFO  11:43:51,516 - #12 =
INFO  11:43:51,516 - #36 4
INFO  11:43:51,516 - #5 ;
INFO  11:43:51,516 - #36 4
INFO  11:43:51,516 - #32 >
INFO  11:43:51,516 - #36 7
INFO  11:43:51,516 - #29 ||
INFO  11:43:51,516 - #36 4
INFO  11:43:51,516 - #30 ==
INFO  11:43:51,516 - #36 6
INFO  11:43:51,516 - #28 &&
INFO  11:43:51,516 - #37 a
INFO  11:43:51,516 - #35 <=
INFO  11:43:51,516 - #36 3
INFO  11:43:51,517 - #28 &&
INFO  11:43:51,517 - #37 a
INFO  11:43:51,517 - #5 ;
INFO  11:43:51,517 - #37 x
INFO  11:43:51,517 - #40 ++
INFO  11:43:51,517 - #7 )
INFO  11:43:51,517 - #3 {
INFO  11:43:51,517 - #37 a
INFO  11:43:51,517 - #40 ++
INFO  11:43:51,517 - #5 ;
INFO  11:43:51,517 - #37 y
INFO  11:43:51,517 - #12 =
INFO  11:43:51,518 - #37 k
INFO  11:43:51,518 - #6 (
INFO  11:43:51,518 - #7 )
INFO  11:43:51,518 - #11 +
INFO  11:43:51,521 - #36 8
INFO  11:43:51,521 - #5 ;
INFO  11:43:51,521 - #4 }
INFO  11:43:51,521 - #25 for
INFO  11:43:51,521 - #6 (
INFO  11:43:51,521 - #5 ;
INFO  11:43:51,521 - #5 ;
INFO  11:43:51,521 - #7 )
INFO  11:43:51,521 - #38 if
INFO  11:43:51,521 - #6 (
INFO  11:43:51,522 - #37 a
INFO  11:43:51,522 - #30 ==
INFO  11:43:51,522 - #36 5
INFO  11:43:51,522 - #7 )
INFO  11:43:51,522 - #3 {
INFO  11:43:51,522 - #37 a
INFO  11:43:51,522 - #41 --
INFO  11:43:51,522 - #5 ;
INFO  11:43:51,522 - #37 a
INFO  11:43:51,522 - #40 ++
INFO  11:43:51,522 - #5 ;
INFO  11:43:51,522 - #4 }
INFO  11:43:51,522 - #39 else
INFO  11:43:51,522 - #37 x
INFO  11:43:51,522 - #41 --
INFO  11:43:51,522 - #5 ;
INFO  11:43:51,522 - #37 x
INFO  11:43:51,522 - #12 =
INFO  11:43:51,522 - #37 k
INFO  11:43:51,522 - #6 (
INFO  11:43:51,522 - #7 )
INFO  11:43:51,522 - #5 ;
INFO  11:43:51,522 - #14 read
INFO  11:43:51,522 - #6 (
INFO  11:43:51,522 - #37 y
INFO  11:43:51,522 - #7 )
INFO  11:43:51,522 - #5 ;
INFO  11:43:51,522 - #37 y
INFO  11:43:51,522 - #40 ++
INFO  11:43:51,522 - #5 ;
INFO  11:43:51,523 - #37 x
INFO  11:43:51,523 - #41 --
INFO  11:43:51,523 - #5 ;
INFO  11:43:51,523 - #37 x
INFO  11:43:51,523 - #12 =
INFO  11:43:51,523 - #36 3
INFO  11:43:51,523 - #5 ;
INFO  11:43:51,523 - #37 x
INFO  11:43:51,523 - #12 =
INFO  11:43:51,523 - #37 y
INFO  11:43:51,523 - #15 -
INFO  11:43:51,523 - #36 2
INFO  11:43:51,523 - #5 ;
INFO  11:43:51,523 - #37 x
INFO  11:43:51,523 - #12 =
INFO  11:43:51,524 - #37 x
INFO  11:43:51,524 - #18 %
INFO  11:43:51,524 - #37 y
INFO  11:43:51,524 - #11 +
INFO  11:43:51,524 - #36 2
INFO  11:43:51,524 - #11 +
INFO  11:43:51,524 - #36 3
INFO  11:43:51,524 - #16 *
INFO  11:43:51,524 - #36 5
INFO  11:43:51,525 - #5 ;
INFO  11:43:51,525 - #37 y
INFO  11:43:51,525 - #12 =
INFO  11:43:51,525 - #37 y
INFO  11:43:51,525 - #16 *
INFO  11:43:51,525 - #37 y
INFO  11:43:51,525 - #5 ;
INFO  11:43:51,525 - #37 y
INFO  11:43:51,525 - #12 =
INFO  11:43:51,525 - #37 k
INFO  11:43:51,525 - #6 (
INFO  11:43:51,525 - #7 )
INFO  11:43:51,525 - #11 +
INFO  11:43:51,525 - #36 3
INFO  11:43:51,525 - #5 ;
INFO  11:43:51,525 - #9 print
INFO  11:43:51,525 - #6 (
INFO  11:43:51,525 - #37 y
INFO  11:43:51,525 - #7 )
INFO  11:43:51,525 - #5 ;
INFO  11:43:51,525 - #9 print
INFO  11:43:51,526 - #6 (
INFO  11:43:51,526 - #37 y
INFO  11:43:51,526 - #8 ,
INFO  11:43:51,526 - #36 1
INFO  11:43:51,526 - #7 )
INFO  11:43:51,526 - #5 ;
INFO  11:43:51,526 - #10 return
INFO  11:43:51,526 - #36 0
INFO  11:43:51,526 - #5 ;
INFO  11:43:51,526 - #4 }
INFO  11:43:51,526 - #4 }
INFO  11:43:51,531 - Deklarisana promenljiva x na liniji 2
INFO  11:43:51,531 - Deklarisana promenljiva y na liniji 2
INFO  11:43:51,531 - Deklarisana promenljiva a na liniji 2
INFO  11:43:51,531 - Obradjuje se funkcija k na liniji 5
INFO  11:43:51,531 - Deklarisana promenljiva c na liniji 5
INFO  11:43:51,531 - Obradjuje se funkcija main na liniji 10
INFO  11:43:51,531 - Pronadjen poziv funkcije k na liniji 24
INFO  11:43:51,531 - Pronadjen poziv funkcije k na liniji 37
INFO  11:43:51,531 - Pronadjen poziv funkcije k na liniji 47
INFO  11:43:51,531 - Pronadjen poziv funkcije k na liniji 56
INFO  11:44:01,067 - #2 program
INFO  11:44:01,068 - #37 MJProgram
INFO  11:44:01,068 - #37 int
INFO  11:44:01,069 - #37 x
INFO  11:44:01,069 - #5 ;
INFO  11:44:01,069 - #37 int
INFO  11:44:01,069 - #37 y
INFO  11:44:01,069 - #5 ;
INFO  11:44:01,069 - #37 char
INFO  11:44:01,069 - #37 a
INFO  11:44:01,070 - #5 ;
INFO  11:44:01,070 - #3 {
INFO  11:44:01,070 - #37 int
INFO  11:44:01,070 - #37 k
INFO  11:44:01,070 - #6 (
INFO  11:44:01,070 - #7 )
INFO  11:44:01,071 - #37 int
INFO  11:44:01,071 - #37 c
INFO  11:44:01,071 - #5 ;
INFO  11:44:01,071 - #3 {
INFO  11:44:01,071 - #37 c
INFO  11:44:01,072 - #12 =
INFO  11:44:01,072 - #36 1
INFO  11:44:01,072 - #5 ;
INFO  11:44:01,074 - #10 return
INFO  11:44:01,075 - #37 c
INFO  11:44:01,075 - #11 +
INFO  11:44:01,075 - #36 2
INFO  11:44:01,076 - #5 ;
INFO  11:44:01,076 - #4 }
INFO  11:44:01,076 - #37 int
INFO  11:44:01,076 - #37 main
INFO  11:44:01,077 - #6 (
INFO  11:44:01,077 - #7 )
INFO  11:44:01,077 - #3 {
INFO  11:44:01,077 - #38 if
INFO  11:44:01,077 - #6 (
INFO  11:44:01,077 - #37 a
INFO  11:44:01,077 - #30 ==
INFO  11:44:01,077 - #36 5
INFO  11:44:01,077 - #28 &&
INFO  11:44:01,078 - #36 6
INFO  11:44:01,078 - #32 >
INFO  11:44:01,078 - #36 5
INFO  11:44:01,078 - #29 ||
INFO  11:44:01,079 - #37 a
INFO  11:44:01,079 - #7 )
INFO  11:44:01,080 - #3 {
INFO  11:44:01,080 - #37 a
INFO  11:44:01,080 - #40 ++
INFO  11:44:01,080 - #5 ;
INFO  11:44:01,080 - #37 x
INFO  11:44:01,080 - #41 --
INFO  11:44:01,080 - #5 ;
INFO  11:44:01,080 - #4 }
INFO  11:44:01,081 - #39 else
INFO  11:44:01,081 - #3 {
INFO  11:44:01,081 - #37 x
INFO  11:44:01,081 - #41 --
INFO  11:44:01,081 - #5 ;
INFO  11:44:01,081 - #37 x
INFO  11:44:01,081 - #40 ++
INFO  11:44:01,081 - #5 ;
INFO  11:44:01,081 - #4 }
INFO  11:44:01,081 - #37 y
INFO  11:44:01,082 - #12 =
INFO  11:44:01,082 - #37 x
INFO  11:44:01,082 - #22 [
INFO  11:44:01,082 - #36 2
INFO  11:44:01,082 - #23 ]
INFO  11:44:01,082 - #5 ;
INFO  11:44:01,082 - #3 {
INFO  11:44:01,082 - #37 y
INFO  11:44:01,082 - #12 =
INFO  11:44:01,082 - #37 x
INFO  11:44:01,082 - #22 [
INFO  11:44:01,082 - #36 2
INFO  11:44:01,082 - #23 ]
INFO  11:44:01,082 - #5 ;
INFO  11:44:01,082 - #37 x
INFO  11:44:01,082 - #12 =
INFO  11:44:01,082 - #36 2
INFO  11:44:01,082 - #5 ;
INFO  11:44:01,082 - #3 {
INFO  11:44:01,082 - #37 y
INFO  11:44:01,082 - #12 =
INFO  11:44:01,083 - #37 k
INFO  11:44:01,083 - #6 (
INFO  11:44:01,083 - #7 )
INFO  11:44:01,083 - #5 ;
INFO  11:44:01,083 - #26 break
INFO  11:44:01,083 - #5 ;
INFO  11:44:01,084 - #4 }
INFO  11:44:01,086 - #27 continue
INFO  11:44:01,086 - #5 ;
INFO  11:44:01,086 - #4 }
INFO  11:44:01,086 - #25 for
INFO  11:44:01,086 - #6 (
INFO  11:44:01,086 - #37 x
INFO  11:44:01,086 - #12 =
INFO  11:44:01,086 - #36 4
INFO  11:44:01,086 - #5 ;
INFO  11:44:01,087 - #37 x
INFO  11:44:01,087 - #30 ==
INFO  11:44:01,087 - #36 5
INFO  11:44:01,087 - #5 ;
INFO  11:44:01,087 - #37 x
INFO  11:44:01,087 - #40 ++
INFO  11:44:01,088 - #7 )
INFO  11:44:01,088 - #3 {
INFO  11:44:01,088 - #37 y
INFO  11:44:01,088 - #12 =
INFO  11:44:01,088 - #37 x
INFO  11:44:01,088 - #5 ;
INFO  11:44:01,088 - #26 break
INFO  11:44:01,088 - #5 ;
INFO  11:44:01,088 - #4 }
INFO  11:44:01,088 - #25 for
INFO  11:44:01,088 - #6 (
INFO  11:44:01,088 - #37 x
INFO  11:44:01,088 - #12 =
INFO  11:44:01,089 - #36 4
INFO  11:44:01,089 - #5 ;
INFO  11:44:01,089 - #36 4
INFO  11:44:01,089 - #32 >
INFO  11:44:01,089 - #36 7
INFO  11:44:01,089 - #29 ||
INFO  11:44:01,089 - #36 4
INFO  11:44:01,089 - #30 ==
INFO  11:44:01,089 - #36 6
INFO  11:44:01,089 - #28 &&
INFO  11:44:01,089 - #37 a
INFO  11:44:01,089 - #35 <=
INFO  11:44:01,089 - #36 3
INFO  11:44:01,090 - #28 &&
INFO  11:44:01,090 - #37 a
INFO  11:44:01,090 - #5 ;
INFO  11:44:01,090 - #37 x
INFO  11:44:01,090 - #40 ++
INFO  11:44:01,090 - #7 )
INFO  11:44:01,090 - #3 {
INFO  11:44:01,090 - #37 a
INFO  11:44:01,090 - #40 ++
INFO  11:44:01,090 - #5 ;
INFO  11:44:01,090 - #37 y
INFO  11:44:01,090 - #12 =
INFO  11:44:01,090 - #37 k
INFO  11:44:01,090 - #6 (
INFO  11:44:01,090 - #7 )
INFO  11:44:01,090 - #11 +
INFO  11:44:01,093 - #36 8
INFO  11:44:01,093 - #5 ;
INFO  11:44:01,093 - #4 }
INFO  11:44:01,093 - #25 for
INFO  11:44:01,093 - #6 (
INFO  11:44:01,093 - #5 ;
INFO  11:44:01,094 - #5 ;
INFO  11:44:01,094 - #7 )
INFO  11:44:01,094 - #38 if
INFO  11:44:01,094 - #6 (
INFO  11:44:01,094 - #37 a
INFO  11:44:01,094 - #30 ==
INFO  11:44:01,094 - #36 5
INFO  11:44:01,094 - #7 )
INFO  11:44:01,094 - #3 {
INFO  11:44:01,094 - #37 a
INFO  11:44:01,094 - #41 --
INFO  11:44:01,094 - #5 ;
INFO  11:44:01,094 - #37 a
INFO  11:44:01,094 - #40 ++
INFO  11:44:01,094 - #5 ;
INFO  11:44:01,094 - #4 }
INFO  11:44:01,094 - #39 else
INFO  11:44:01,094 - #37 x
INFO  11:44:01,094 - #41 --
INFO  11:44:01,094 - #5 ;
INFO  11:44:01,095 - #37 x
INFO  11:44:01,095 - #12 =
INFO  11:44:01,095 - #37 k
INFO  11:44:01,095 - #6 (
INFO  11:44:01,095 - #7 )
INFO  11:44:01,095 - #5 ;
INFO  11:44:01,095 - #14 read
INFO  11:44:01,095 - #6 (
INFO  11:44:01,095 - #37 y
INFO  11:44:01,095 - #7 )
INFO  11:44:01,095 - #5 ;
INFO  11:44:01,095 - #37 y
INFO  11:44:01,095 - #40 ++
INFO  11:44:01,095 - #5 ;
INFO  11:44:01,095 - #37 x
INFO  11:44:01,095 - #41 --
INFO  11:44:01,095 - #5 ;
INFO  11:44:01,095 - #37 x
INFO  11:44:01,095 - #12 =
INFO  11:44:01,095 - #36 3
INFO  11:44:01,095 - #5 ;
INFO  11:44:01,095 - #37 x
INFO  11:44:01,095 - #12 =
INFO  11:44:01,095 - #37 y
INFO  11:44:01,095 - #15 -
INFO  11:44:01,095 - #36 2
INFO  11:44:01,096 - #5 ;
INFO  11:44:01,096 - #37 x
INFO  11:44:01,096 - #12 =
INFO  11:44:01,096 - #37 x
INFO  11:44:01,096 - #18 %
INFO  11:44:01,096 - #37 y
INFO  11:44:01,097 - #11 +
INFO  11:44:01,097 - #36 2
INFO  11:44:01,097 - #11 +
INFO  11:44:01,097 - #36 3
INFO  11:44:01,097 - #16 *
INFO  11:44:01,097 - #36 5
INFO  11:44:01,097 - #5 ;
INFO  11:44:01,097 - #37 y
INFO  11:44:01,097 - #12 =
INFO  11:44:01,097 - #37 y
INFO  11:44:01,097 - #16 *
INFO  11:44:01,097 - #37 y
INFO  11:44:01,097 - #5 ;
INFO  11:44:01,097 - #37 y
INFO  11:44:01,097 - #12 =
INFO  11:44:01,097 - #37 k
INFO  11:44:01,098 - #6 (
INFO  11:44:01,098 - #7 )
INFO  11:44:01,098 - #11 +
INFO  11:44:01,098 - #36 3
INFO  11:44:01,098 - #5 ;
INFO  11:44:01,098 - #9 print
INFO  11:44:01,098 - #6 (
INFO  11:44:01,098 - #37 y
INFO  11:44:01,098 - #7 )
INFO  11:44:01,098 - #5 ;
INFO  11:44:01,098 - #9 print
INFO  11:44:01,098 - #6 (
INFO  11:44:01,098 - #37 y
INFO  11:44:01,098 - #8 ,
INFO  11:44:01,098 - #36 1
INFO  11:44:01,098 - #7 )
INFO  11:44:01,098 - #5 ;
INFO  11:44:01,098 - #10 return
INFO  11:44:01,098 - #36 0
INFO  11:44:01,098 - #5 ;
INFO  11:44:01,098 - #4 }
INFO  11:44:01,098 - #4 }
INFO  11:44:01,103 - Deklarisana promenljiva x na liniji 2
INFO  11:44:01,103 - Deklarisana promenljiva y na liniji 2
INFO  11:44:01,103 - Deklarisana promenljiva a na liniji 2
INFO  11:44:01,104 - Obradjuje se funkcija k na liniji 5
INFO  11:44:01,104 - Deklarisana promenljiva c na liniji 5
INFO  11:44:01,104 - Obradjuje se funkcija main na liniji 10
INFO  11:44:01,104 - Pronadjen poziv funkcije k na liniji 24
INFO  11:44:01,104 - Pronadjen poziv funkcije k na liniji 37
INFO  11:44:01,104 - Pronadjen poziv funkcije k na liniji 47
INFO  11:44:01,104 - Pronadjen poziv funkcije k na liniji 56
INFO  11:45:06,195 - #2 program
INFO  11:45:06,195 - #37 MJProgram
INFO  11:45:06,195 - #37 int
INFO  11:45:06,196 - #37 x
INFO  11:45:06,196 - #5 ;
INFO  11:45:06,196 - #37 int
INFO  11:45:06,197 - #37 y
INFO  11:45:06,197 - #5 ;
INFO  11:45:06,197 - #37 char
INFO  11:45:06,197 - #37 a
INFO  11:45:06,197 - #5 ;
INFO  11:45:06,197 - #3 {
INFO  11:45:06,197 - #37 int
INFO  11:45:06,197 - #37 k
INFO  11:45:06,197 - #6 (
INFO  11:45:06,198 - #7 )
INFO  11:45:06,198 - #37 int
INFO  11:45:06,198 - #37 c
INFO  11:45:06,198 - #5 ;
INFO  11:45:06,198 - #3 {
INFO  11:45:06,198 - #37 c
INFO  11:45:06,198 - #12 =
INFO  11:45:06,199 - #36 1
INFO  11:45:06,199 - #5 ;
INFO  11:45:06,200 - #10 return
INFO  11:45:06,200 - #37 c
INFO  11:45:06,200 - #11 +
INFO  11:45:06,200 - #36 2
INFO  11:45:06,201 - #5 ;
INFO  11:45:06,201 - #4 }
INFO  11:45:06,201 - #37 int
INFO  11:45:06,201 - #37 main
INFO  11:45:06,201 - #6 (
INFO  11:45:06,201 - #7 )
INFO  11:45:06,201 - #3 {
INFO  11:45:06,201 - #38 if
INFO  11:45:06,201 - #6 (
INFO  11:45:06,202 - #37 a
INFO  11:45:06,202 - #30 ==
INFO  11:45:06,202 - #36 5
INFO  11:45:06,202 - #28 &&
INFO  11:45:06,203 - #36 6
INFO  11:45:06,203 - #32 >
INFO  11:45:06,203 - #36 5
INFO  11:45:06,203 - #29 ||
INFO  11:45:06,204 - #37 a
INFO  11:45:06,204 - #7 )
INFO  11:45:06,204 - #3 {
INFO  11:45:06,204 - #37 a
INFO  11:45:06,204 - #40 ++
INFO  11:45:06,204 - #5 ;
INFO  11:45:06,204 - #37 x
INFO  11:45:06,204 - #41 --
INFO  11:45:06,204 - #5 ;
INFO  11:45:06,204 - #4 }
INFO  11:45:06,204 - #39 else
INFO  11:45:06,205 - #3 {
INFO  11:45:06,205 - #37 x
INFO  11:45:06,205 - #41 --
INFO  11:45:06,205 - #5 ;
INFO  11:45:06,205 - #37 x
INFO  11:45:06,205 - #40 ++
INFO  11:45:06,205 - #5 ;
INFO  11:45:06,205 - #4 }
INFO  11:45:06,205 - #37 y
INFO  11:45:06,205 - #12 =
INFO  11:45:06,205 - #37 x
INFO  11:45:06,205 - #22 [
INFO  11:45:06,205 - #36 2
INFO  11:45:06,205 - #23 ]
INFO  11:45:06,206 - #5 ;
INFO  11:45:06,206 - #3 {
INFO  11:45:06,206 - #37 y
INFO  11:45:06,206 - #12 =
INFO  11:45:06,206 - #37 x
INFO  11:45:06,206 - #22 [
INFO  11:45:06,206 - #36 2
INFO  11:45:06,206 - #23 ]
INFO  11:45:06,206 - #5 ;
INFO  11:45:06,206 - #37 x
INFO  11:45:06,206 - #12 =
INFO  11:45:06,206 - #36 2
INFO  11:45:06,206 - #5 ;
INFO  11:45:06,206 - #3 {
INFO  11:45:06,206 - #37 y
INFO  11:45:06,206 - #12 =
INFO  11:45:06,206 - #37 k
INFO  11:45:06,206 - #6 (
INFO  11:45:06,206 - #7 )
INFO  11:45:06,207 - #5 ;
INFO  11:45:06,207 - #26 break
INFO  11:45:06,207 - #5 ;
INFO  11:45:06,207 - #4 }
INFO  11:45:06,207 - #27 continue
INFO  11:45:06,207 - #5 ;
INFO  11:45:06,207 - #4 }
INFO  11:45:06,208 - #25 for
INFO  11:45:06,208 - #6 (
INFO  11:45:06,208 - #37 x
INFO  11:45:06,208 - #12 =
INFO  11:45:06,208 - #36 4
INFO  11:45:06,208 - #5 ;
INFO  11:45:06,208 - #37 x
INFO  11:45:06,208 - #30 ==
INFO  11:45:06,208 - #36 5
INFO  11:45:06,208 - #5 ;
INFO  11:45:06,208 - #37 x
INFO  11:45:06,208 - #40 ++
INFO  11:45:06,208 - #7 )
INFO  11:45:06,208 - #3 {
INFO  11:45:06,208 - #37 y
INFO  11:45:06,208 - #12 =
INFO  11:45:06,208 - #37 x
INFO  11:45:06,208 - #5 ;
INFO  11:45:06,209 - #26 break
INFO  11:45:06,209 - #5 ;
INFO  11:45:06,209 - #4 }
INFO  11:45:06,209 - #25 for
INFO  11:45:06,209 - #6 (
INFO  11:45:06,209 - #37 x
INFO  11:45:06,209 - #12 =
INFO  11:45:06,209 - #36 4
INFO  11:45:06,209 - #5 ;
INFO  11:45:06,209 - #36 4
INFO  11:45:06,209 - #32 >
INFO  11:45:06,209 - #36 7
INFO  11:45:06,209 - #29 ||
INFO  11:45:06,209 - #36 4
INFO  11:45:06,209 - #30 ==
INFO  11:45:06,209 - #36 6
INFO  11:45:06,209 - #28 &&
INFO  11:45:06,209 - #37 a
INFO  11:45:06,209 - #35 <=
INFO  11:45:06,209 - #36 3
INFO  11:45:06,210 - #28 &&
INFO  11:45:06,210 - #37 a
INFO  11:45:06,210 - #5 ;
INFO  11:45:06,210 - #37 x
INFO  11:45:06,210 - #40 ++
INFO  11:45:06,210 - #7 )
INFO  11:45:06,210 - #3 {
INFO  11:45:06,210 - #37 a
INFO  11:45:06,210 - #40 ++
INFO  11:45:06,210 - #5 ;
INFO  11:45:06,210 - #37 y
INFO  11:45:06,210 - #12 =
INFO  11:45:06,210 - #37 k
INFO  11:45:06,210 - #6 (
INFO  11:45:06,210 - #7 )
INFO  11:45:06,210 - #11 +
INFO  11:45:06,213 - #36 8
INFO  11:45:06,213 - #5 ;
INFO  11:45:06,213 - #4 }
INFO  11:45:06,213 - #25 for
INFO  11:45:06,213 - #6 (
INFO  11:45:06,213 - #5 ;
INFO  11:45:06,214 - #5 ;
INFO  11:45:06,214 - #7 )
INFO  11:45:06,214 - #38 if
INFO  11:45:06,214 - #6 (
INFO  11:45:06,214 - #37 a
INFO  11:45:06,214 - #30 ==
INFO  11:45:06,214 - #36 5
INFO  11:45:06,214 - #7 )
INFO  11:45:06,214 - #3 {
INFO  11:45:06,214 - #37 a
INFO  11:45:06,214 - #41 --
INFO  11:45:06,214 - #5 ;
INFO  11:45:06,214 - #37 a
INFO  11:45:06,214 - #40 ++
INFO  11:45:06,214 - #5 ;
INFO  11:45:06,214 - #4 }
INFO  11:45:06,214 - #39 else
INFO  11:45:06,214 - #37 x
INFO  11:45:06,214 - #41 --
INFO  11:45:06,214 - #5 ;
INFO  11:45:06,214 - #37 x
INFO  11:45:06,214 - #12 =
INFO  11:45:06,214 - #37 k
INFO  11:45:06,214 - #6 (
INFO  11:45:06,214 - #7 )
INFO  11:45:06,214 - #5 ;
INFO  11:45:06,215 - #14 read
INFO  11:45:06,215 - #6 (
INFO  11:45:06,215 - #37 y
INFO  11:45:06,215 - #7 )
INFO  11:45:06,215 - #5 ;
INFO  11:45:06,215 - #37 y
INFO  11:45:06,215 - #40 ++
INFO  11:45:06,215 - #5 ;
INFO  11:45:06,215 - #37 x
INFO  11:45:06,215 - #41 --
INFO  11:45:06,215 - #5 ;
INFO  11:45:06,215 - #37 x
INFO  11:45:06,215 - #12 =
INFO  11:45:06,215 - #36 3
INFO  11:45:06,215 - #5 ;
INFO  11:45:06,215 - #37 x
INFO  11:45:06,215 - #12 =
INFO  11:45:06,215 - #37 y
INFO  11:45:06,215 - #15 -
INFO  11:45:06,215 - #36 2
INFO  11:45:06,216 - #5 ;
INFO  11:45:06,216 - #37 x
INFO  11:45:06,216 - #12 =
INFO  11:45:06,216 - #37 x
INFO  11:45:06,216 - #18 %
INFO  11:45:06,216 - #37 y
INFO  11:45:06,216 - #11 +
INFO  11:45:06,217 - #36 2
INFO  11:45:06,217 - #11 +
INFO  11:45:06,217 - #36 3
INFO  11:45:06,217 - #16 *
INFO  11:45:06,217 - #36 5
INFO  11:45:06,217 - #5 ;
INFO  11:45:06,217 - #37 y
INFO  11:45:06,217 - #12 =
INFO  11:45:06,217 - #37 y
INFO  11:45:06,217 - #16 *
INFO  11:45:06,217 - #37 y
INFO  11:45:06,217 - #5 ;
INFO  11:45:06,217 - #37 y
INFO  11:45:06,217 - #12 =
INFO  11:45:06,217 - #37 k
INFO  11:45:06,217 - #6 (
INFO  11:45:06,217 - #7 )
INFO  11:45:06,217 - #11 +
INFO  11:45:06,217 - #36 3
INFO  11:45:06,217 - #5 ;
INFO  11:45:06,217 - #9 print
INFO  11:45:06,217 - #6 (
INFO  11:45:06,217 - #37 y
INFO  11:45:06,218 - #7 )
INFO  11:45:06,218 - #5 ;
INFO  11:45:06,218 - #9 print
INFO  11:45:06,218 - #6 (
INFO  11:45:06,218 - #37 y
INFO  11:45:06,218 - #8 ,
INFO  11:45:06,218 - #36 1
INFO  11:45:06,218 - #7 )
INFO  11:45:06,218 - #5 ;
INFO  11:45:06,218 - #10 return
INFO  11:45:06,218 - #36 0
INFO  11:45:06,218 - #5 ;
INFO  11:45:06,218 - #4 }
INFO  11:45:06,218 - #4 }
INFO  11:45:06,224 - Deklarisana promenljiva x na liniji 2
INFO  11:45:06,224 - Deklarisana promenljiva y na liniji 2
INFO  11:45:06,224 - Deklarisana promenljiva a na liniji 2
INFO  11:45:06,225 - Obradjuje se funkcija k na liniji 5
INFO  11:45:06,225 - Deklarisana promenljiva c na liniji 5
INFO  11:45:06,225 - Obradjuje se funkcija main na liniji 10
INFO  11:45:06,225 - Pronadjen poziv funkcije k na liniji 24
INFO  11:45:06,225 - Pronadjen poziv funkcije k na liniji 37
INFO  11:45:06,225 - Pronadjen poziv funkcije k na liniji 47
INFO  11:45:06,225 - Pronadjen poziv funkcije k na liniji 56
INFO  11:46:30,428 - #2 program
INFO  11:46:30,428 - #37 MJProgram
INFO  11:46:30,428 - #37 int
INFO  11:46:30,429 - #37 x
INFO  11:46:30,429 - #5 ;
INFO  11:46:30,429 - #37 int
INFO  11:46:30,430 - #37 y
INFO  11:46:30,430 - #5 ;
INFO  11:46:30,430 - #37 char
INFO  11:46:30,430 - #37 a
INFO  11:46:30,430 - #5 ;
INFO  11:46:30,430 - #3 {
INFO  11:46:30,430 - #37 int
INFO  11:46:30,430 - #37 k
INFO  11:46:30,430 - #6 (
INFO  11:46:30,431 - #7 )
INFO  11:46:30,431 - #37 int
INFO  11:46:30,431 - #37 c
INFO  11:46:30,431 - #5 ;
INFO  11:46:30,431 - #3 {
INFO  11:46:30,431 - #37 c
INFO  11:46:30,431 - #12 =
INFO  11:46:30,432 - #36 1
INFO  11:46:30,432 - #5 ;
INFO  11:46:30,433 - #10 return
INFO  11:46:30,433 - #37 c
INFO  11:46:30,433 - #11 +
INFO  11:46:30,433 - #36 2
INFO  11:46:30,434 - #5 ;
INFO  11:46:30,434 - #4 }
INFO  11:46:30,434 - #37 int
INFO  11:46:30,435 - #37 main
INFO  11:46:30,435 - #6 (
INFO  11:46:30,435 - #7 )
INFO  11:46:30,435 - #3 {
INFO  11:46:30,435 - #38 if
INFO  11:46:30,435 - #6 (
INFO  11:46:30,435 - #37 a
INFO  11:46:30,435 - #30 ==
INFO  11:46:30,435 - #36 5
INFO  11:46:30,435 - #28 &&
INFO  11:46:30,436 - #36 6
INFO  11:46:30,436 - #32 >
INFO  11:46:30,436 - #36 5
INFO  11:46:30,436 - #29 ||
INFO  11:46:30,437 - #37 a
INFO  11:46:30,437 - #7 )
INFO  11:46:30,437 - #3 {
INFO  11:46:30,437 - #37 a
INFO  11:46:30,437 - #40 ++
INFO  11:46:30,437 - #5 ;
INFO  11:46:30,437 - #37 x
INFO  11:46:30,437 - #41 --
INFO  11:46:30,437 - #5 ;
INFO  11:46:30,438 - #4 }
INFO  11:46:30,438 - #39 else
INFO  11:46:30,438 - #3 {
INFO  11:46:30,438 - #37 x
INFO  11:46:30,438 - #41 --
INFO  11:46:30,438 - #5 ;
INFO  11:46:30,438 - #37 x
INFO  11:46:30,438 - #40 ++
INFO  11:46:30,438 - #5 ;
INFO  11:46:30,438 - #4 }
INFO  11:46:30,438 - #37 y
INFO  11:46:30,438 - #12 =
INFO  11:46:30,438 - #37 x
INFO  11:46:30,438 - #22 [
INFO  11:46:30,438 - #36 2
INFO  11:46:30,438 - #23 ]
INFO  11:46:30,438 - #5 ;
INFO  11:46:30,439 - #25 for
INFO  11:46:30,439 - #6 (
INFO  11:46:30,439 - #37 x
INFO  11:46:30,439 - #12 =
INFO  11:46:30,439 - #36 4
INFO  11:46:30,439 - #5 ;
INFO  11:46:30,439 - #37 x
INFO  11:46:30,439 - #30 ==
INFO  11:46:30,439 - #36 5
INFO  11:46:30,439 - #5 ;
INFO  11:46:30,439 - #37 x
INFO  11:46:30,439 - #40 ++
INFO  11:46:30,439 - #7 )
INFO  11:46:30,439 - #3 {
INFO  11:46:30,439 - #37 y
INFO  11:46:30,439 - #12 =
INFO  11:46:30,439 - #37 x
INFO  11:46:30,439 - #5 ;
INFO  11:46:30,439 - #26 break
INFO  11:46:30,439 - #5 ;
INFO  11:46:30,439 - #4 }
INFO  11:46:30,440 - #37 x
INFO  11:46:30,441 - #12 =
INFO  11:46:30,441 - #37 k
INFO  11:46:30,441 - #6 (
INFO  11:46:30,441 - #7 )
INFO  11:46:30,441 - #5 ;
INFO  11:46:30,441 - #14 read
INFO  11:46:30,442 - #6 (
INFO  11:46:30,442 - #37 y
INFO  11:46:30,442 - #7 )
INFO  11:46:30,442 - #5 ;
INFO  11:46:30,442 - #37 x
INFO  11:46:30,442 - #12 =
INFO  11:46:30,442 - #37 x
INFO  11:46:30,442 - #18 %
INFO  11:46:30,442 - #37 y
INFO  11:46:30,443 - #11 +
INFO  11:46:30,443 - #36 2
INFO  11:46:30,443 - #11 +
INFO  11:46:30,443 - #36 3
INFO  11:46:30,443 - #16 *
INFO  11:46:30,443 - #36 5
INFO  11:46:30,443 - #5 ;
INFO  11:46:30,444 - #37 y
INFO  11:46:30,444 - #12 =
INFO  11:46:30,444 - #37 y
INFO  11:46:30,444 - #16 *
INFO  11:46:30,444 - #37 y
INFO  11:46:30,444 - #5 ;
INFO  11:46:30,444 - #37 y
INFO  11:46:30,444 - #12 =
INFO  11:46:30,444 - #37 k
INFO  11:46:30,444 - #6 (
INFO  11:46:30,444 - #7 )
INFO  11:46:30,444 - #11 +
INFO  11:46:30,444 - #36 3
INFO  11:46:30,444 - #5 ;
INFO  11:46:30,444 - #9 print
INFO  11:46:30,444 - #6 (
INFO  11:46:30,444 - #37 y
INFO  11:46:30,444 - #7 )
INFO  11:46:30,445 - #5 ;
INFO  11:46:30,445 - #9 print
INFO  11:46:30,445 - #6 (
INFO  11:46:30,445 - #37 y
INFO  11:46:30,445 - #8 ,
INFO  11:46:30,445 - #36 1
INFO  11:46:30,445 - #7 )
INFO  11:46:30,445 - #5 ;
INFO  11:46:30,445 - #10 return
INFO  11:46:30,445 - #36 0
INFO  11:46:30,445 - #5 ;
INFO  11:46:30,445 - #4 }
INFO  11:46:30,445 - #4 }
INFO  11:46:30,449 - Deklarisana promenljiva x na liniji 2
INFO  11:46:30,449 - Deklarisana promenljiva y na liniji 2
INFO  11:46:30,449 - Deklarisana promenljiva a na liniji 2
INFO  11:46:30,452 - Obradjuje se funkcija k na liniji 5
INFO  11:46:30,452 - Deklarisana promenljiva c na liniji 5
INFO  11:46:30,453 - Obradjuje se funkcija main na liniji 10
INFO  11:46:30,453 - Pronadjen poziv funkcije k na liniji 29
INFO  11:46:30,453 - Pronadjen poziv funkcije k na liniji 35
INFO  11:49:53,769 - #2 program
INFO  11:49:53,769 - #37 MJProgram
INFO  11:49:53,770 - #37 int
INFO  11:49:53,770 - #37 x
INFO  11:49:53,771 - #5 ;
INFO  11:49:53,771 - #37 int
INFO  11:49:53,772 - #37 y
INFO  11:49:53,772 - #5 ;
INFO  11:49:53,772 - #37 char
INFO  11:49:53,772 - #37 a
INFO  11:49:53,772 - #5 ;
INFO  11:49:53,772 - #3 {
INFO  11:49:53,772 - #37 int
INFO  11:49:53,772 - #37 k
INFO  11:49:53,772 - #6 (
INFO  11:49:53,773 - #7 )
INFO  11:49:53,773 - #37 int
INFO  11:49:53,773 - #37 c
INFO  11:49:53,773 - #5 ;
INFO  11:49:53,773 - #3 {
INFO  11:49:53,773 - #37 c
INFO  11:49:53,774 - #12 =
INFO  11:49:53,775 - #36 1
INFO  11:49:53,775 - #5 ;
INFO  11:49:53,776 - #10 return
INFO  11:49:53,776 - #37 c
INFO  11:49:53,776 - #11 +
INFO  11:49:53,776 - #36 2
INFO  11:49:53,777 - #5 ;
INFO  11:49:53,777 - #4 }
INFO  11:49:53,777 - #37 int
INFO  11:49:53,778 - #37 main
INFO  11:49:53,778 - #6 (
INFO  11:49:53,778 - #7 )
INFO  11:49:53,778 - #3 {
INFO  11:49:53,778 - #38 if
INFO  11:49:53,778 - #6 (
INFO  11:49:53,778 - #37 a
INFO  11:49:53,778 - #30 ==
INFO  11:49:53,778 - #36 5
INFO  11:49:53,778 - #28 &&
INFO  11:49:53,779 - #36 6
INFO  11:49:53,779 - #32 >
INFO  11:49:53,779 - #36 5
INFO  11:49:53,780 - #29 ||
INFO  11:49:53,780 - #37 a
INFO  11:49:53,780 - #7 )
INFO  11:49:53,781 - #3 {
INFO  11:49:53,781 - #37 a
INFO  11:49:53,781 - #40 ++
INFO  11:49:53,781 - #5 ;
INFO  11:49:53,781 - #37 x
INFO  11:49:53,781 - #41 --
INFO  11:49:53,781 - #5 ;
INFO  11:49:53,781 - #4 }
INFO  11:49:53,781 - #39 else
INFO  11:49:53,781 - #3 {
INFO  11:49:53,781 - #37 x
INFO  11:49:53,781 - #41 --
INFO  11:49:53,781 - #5 ;
INFO  11:49:53,781 - #37 x
INFO  11:49:53,781 - #40 ++
INFO  11:49:53,781 - #5 ;
INFO  11:49:53,781 - #4 }
INFO  11:49:53,781 - #37 y
INFO  11:49:53,782 - #12 =
INFO  11:49:53,782 - #37 x
INFO  11:49:53,782 - #22 [
INFO  11:49:53,782 - #36 2
INFO  11:49:53,782 - #23 ]
INFO  11:49:53,782 - #5 ;
INFO  11:49:53,782 - #25 for
INFO  11:49:53,782 - #6 (
INFO  11:49:53,782 - #37 x
INFO  11:49:53,782 - #12 =
INFO  11:49:53,782 - #36 4
INFO  11:49:53,782 - #5 ;
INFO  11:49:53,782 - #37 x
INFO  11:49:53,782 - #30 ==
INFO  11:49:53,782 - #36 5
INFO  11:49:53,782 - #5 ;
INFO  11:49:53,783 - #37 x
INFO  11:49:53,783 - #40 ++
INFO  11:49:53,783 - #7 )
INFO  11:49:53,783 - #3 {
INFO  11:49:53,783 - #37 y
INFO  11:49:53,786 - #12 =
INFO  11:49:53,786 - #37 x
INFO  11:49:53,786 - #5 ;
INFO  11:49:53,786 - #26 break
INFO  11:49:53,786 - #5 ;
INFO  11:49:53,786 - #4 }
INFO  11:49:53,787 - #37 x
INFO  11:49:53,787 - #12 =
INFO  11:49:53,787 - #37 k
INFO  11:49:53,787 - #6 (
INFO  11:49:53,787 - #7 )
INFO  11:49:53,788 - #5 ;
INFO  11:49:53,788 - #14 read
INFO  11:49:53,788 - #6 (
INFO  11:49:53,788 - #37 y
INFO  11:49:53,788 - #7 )
INFO  11:49:53,788 - #5 ;
INFO  11:49:53,788 - #37 x
INFO  11:49:53,788 - #12 =
INFO  11:49:53,788 - #37 x
INFO  11:49:53,788 - #18 %
INFO  11:49:53,788 - #37 y
INFO  11:49:53,789 - #11 +
INFO  11:49:53,789 - #36 2
INFO  11:49:53,789 - #11 +
INFO  11:49:53,789 - #36 3
INFO  11:49:53,789 - #16 *
INFO  11:49:53,789 - #36 5
INFO  11:49:53,790 - #5 ;
INFO  11:49:53,790 - #37 y
INFO  11:49:53,790 - #12 =
INFO  11:49:53,790 - #37 y
INFO  11:49:53,790 - #16 *
INFO  11:49:53,790 - #37 y
INFO  11:49:53,790 - #5 ;
INFO  11:49:53,790 - #37 y
INFO  11:49:53,790 - #12 =
INFO  11:49:53,790 - #37 k
INFO  11:49:53,790 - #6 (
INFO  11:49:53,790 - #7 )
INFO  11:49:53,790 - #11 +
INFO  11:49:53,790 - #36 3
INFO  11:49:53,790 - #5 ;
INFO  11:49:53,790 - #9 print
INFO  11:49:53,790 - #6 (
INFO  11:49:53,790 - #37 y
INFO  11:49:53,790 - #7 )
INFO  11:49:53,790 - #5 ;
INFO  11:49:53,790 - #9 print
INFO  11:49:53,790 - #6 (
INFO  11:49:53,791 - #37 y
INFO  11:49:53,791 - #8 ,
INFO  11:49:53,791 - #36 1
INFO  11:49:53,791 - #7 )
INFO  11:49:53,791 - #5 ;
INFO  11:49:53,791 - #10 return
INFO  11:49:53,791 - #36 0
INFO  11:49:53,791 - #5 ;
INFO  11:49:53,791 - #4 }
INFO  11:49:53,791 - #4 }
INFO  11:49:53,796 - Deklarisana promenljiva x na liniji 2
INFO  11:49:53,796 - Deklarisana promenljiva y na liniji 2
INFO  11:49:53,796 - Deklarisana promenljiva a na liniji 2
INFO  11:49:53,796 - Obradjuje se funkcija k na liniji 5
INFO  11:49:53,796 - Deklarisana promenljiva c na liniji 5
INFO  11:49:53,796 - Obradjuje se funkcija main na liniji 10
INFO  11:49:53,797 - Pronadjen poziv funkcije k na liniji 29
INFO  11:49:53,797 - Pronadjen poziv funkcije k na liniji 35
INFO  11:51:12,414 - #2 program
INFO  11:51:12,414 - #37 MJProgram
INFO  11:51:12,414 - #37 int
INFO  11:51:12,415 - #37 x
INFO  11:51:12,415 - #5 ;
INFO  11:51:12,415 - #37 int
INFO  11:51:12,416 - #37 y
INFO  11:51:12,416 - #5 ;
INFO  11:51:12,416 - #37 char
INFO  11:51:12,416 - #37 a
INFO  11:51:12,416 - #5 ;
INFO  11:51:12,416 - #3 {
INFO  11:51:12,416 - #37 int
INFO  11:51:12,416 - #37 k
INFO  11:51:12,416 - #6 (
INFO  11:51:12,417 - #7 )
INFO  11:51:12,417 - #37 int
INFO  11:51:12,417 - #37 c
INFO  11:51:12,417 - #5 ;
INFO  11:51:12,417 - #3 {
INFO  11:51:12,417 - #37 c
INFO  11:51:12,417 - #12 =
INFO  11:51:12,418 - #36 1
INFO  11:51:12,418 - #5 ;
INFO  11:51:12,419 - #10 return
INFO  11:51:12,419 - #37 c
INFO  11:51:12,419 - #11 +
INFO  11:51:12,419 - #36 2
INFO  11:51:12,420 - #5 ;
INFO  11:51:12,420 - #4 }
INFO  11:51:12,420 - #37 int
INFO  11:51:12,420 - #37 main
INFO  11:51:12,420 - #6 (
INFO  11:51:12,420 - #7 )
INFO  11:51:12,420 - #3 {
INFO  11:51:12,421 - #38 if
INFO  11:51:12,421 - #6 (
INFO  11:51:12,421 - #37 a
INFO  11:51:12,421 - #30 ==
INFO  11:51:12,421 - #36 5
INFO  11:51:12,421 - #28 &&
INFO  11:51:12,422 - #36 6
INFO  11:51:12,422 - #32 >
INFO  11:51:12,422 - #36 5
INFO  11:51:12,423 - #29 ||
INFO  11:51:12,423 - #37 a
INFO  11:51:12,423 - #7 )
INFO  11:51:12,424 - #3 {
INFO  11:51:12,424 - #37 a
INFO  11:51:12,424 - #40 ++
INFO  11:51:12,424 - #5 ;
INFO  11:51:12,424 - #37 x
INFO  11:51:12,424 - #41 --
INFO  11:51:12,424 - #5 ;
INFO  11:51:12,424 - #4 }
INFO  11:51:12,424 - #39 else
INFO  11:51:12,424 - #3 {
INFO  11:51:12,424 - #37 x
INFO  11:51:12,424 - #41 --
INFO  11:51:12,424 - #5 ;
INFO  11:51:12,424 - #37 x
INFO  11:51:12,424 - #40 ++
INFO  11:51:12,424 - #5 ;
INFO  11:51:12,424 - #4 }
INFO  11:51:12,425 - #37 y
INFO  11:51:12,425 - #12 =
INFO  11:51:12,425 - #37 x
INFO  11:51:12,425 - #22 [
INFO  11:51:12,425 - #36 2
INFO  11:51:12,425 - #23 ]
INFO  11:51:12,425 - #5 ;
INFO  11:51:12,425 - #25 for
INFO  11:51:12,425 - #6 (
INFO  11:51:12,425 - #37 x
INFO  11:51:12,425 - #12 =
INFO  11:51:12,425 - #36 4
INFO  11:51:12,425 - #5 ;
INFO  11:51:12,425 - #37 x
INFO  11:51:12,425 - #30 ==
INFO  11:51:12,425 - #36 5
INFO  11:51:12,425 - #5 ;
INFO  11:51:12,425 - #37 x
INFO  11:51:12,425 - #40 ++
INFO  11:51:12,425 - #7 )
INFO  11:51:12,426 - #3 {
INFO  11:51:12,426 - #37 y
INFO  11:51:12,429 - #12 =
INFO  11:51:12,429 - #37 x
INFO  11:51:12,429 - #5 ;
INFO  11:51:12,429 - #26 break
INFO  11:51:12,429 - #5 ;
INFO  11:51:12,429 - #4 }
INFO  11:51:12,430 - #37 x
INFO  11:51:12,430 - #12 =
INFO  11:51:12,430 - #37 k
INFO  11:51:12,430 - #6 (
INFO  11:51:12,430 - #7 )
INFO  11:51:12,431 - #5 ;
INFO  11:51:12,431 - #14 read
INFO  11:51:12,431 - #6 (
INFO  11:51:12,431 - #37 y
INFO  11:51:12,431 - #7 )
INFO  11:51:12,431 - #5 ;
INFO  11:51:12,431 - #37 x
INFO  11:51:12,431 - #12 =
INFO  11:51:12,431 - #37 x
INFO  11:51:12,431 - #18 %
INFO  11:51:12,431 - #37 y
INFO  11:51:12,432 - #11 +
INFO  11:51:12,432 - #36 2
INFO  11:51:12,433 - #11 +
INFO  11:51:12,433 - #36 3
INFO  11:51:12,433 - #16 *
INFO  11:51:12,433 - #36 5
INFO  11:51:12,433 - #5 ;
INFO  11:51:12,433 - #37 y
INFO  11:51:12,433 - #12 =
INFO  11:51:12,433 - #37 y
INFO  11:51:12,433 - #16 *
INFO  11:51:12,433 - #37 y
INFO  11:51:12,433 - #5 ;
INFO  11:51:12,433 - #37 y
INFO  11:51:12,433 - #12 =
INFO  11:51:12,433 - #37 k
INFO  11:51:12,433 - #6 (
INFO  11:51:12,433 - #7 )
INFO  11:51:12,433 - #11 +
INFO  11:51:12,434 - #36 3
INFO  11:51:12,434 - #5 ;
INFO  11:51:12,434 - #9 print
INFO  11:51:12,434 - #6 (
INFO  11:51:12,434 - #37 y
INFO  11:51:12,434 - #7 )
INFO  11:51:12,434 - #5 ;
INFO  11:51:12,434 - #9 print
INFO  11:51:12,434 - #6 (
INFO  11:51:12,434 - #37 y
INFO  11:51:12,434 - #8 ,
INFO  11:51:12,434 - #36 1
INFO  11:51:12,434 - #7 )
INFO  11:51:12,434 - #5 ;
INFO  11:51:12,434 - #10 return
INFO  11:51:12,434 - #36 0
INFO  11:51:12,434 - #5 ;
INFO  11:51:12,434 - #4 }
INFO  11:51:12,434 - #4 }
INFO  11:51:12,438 - Deklarisana promenljiva x na liniji 2
INFO  11:51:12,438 - Deklarisana promenljiva y na liniji 2
INFO  11:51:12,438 - Deklarisana promenljiva a na liniji 2
INFO  11:51:12,438 - Obradjuje se funkcija k na liniji 5
INFO  11:51:12,438 - Deklarisana promenljiva c na liniji 5
INFO  11:51:12,439 - Obradjuje se funkcija main na liniji 10
INFO  11:51:12,439 - Pronadjen poziv funkcije k na liniji 29
INFO  11:51:12,439 - Pronadjen poziv funkcije k na liniji 35
INFO  11:55:36,835 - #2 program
INFO  11:55:36,835 - #37 MJProgram
INFO  11:55:36,835 - #37 int
INFO  11:55:36,837 - #37 x
INFO  11:55:36,838 - #5 ;
INFO  11:55:36,838 - #37 int
INFO  11:55:36,838 - #37 y
INFO  11:55:36,838 - #5 ;
INFO  11:55:36,838 - #37 char
INFO  11:55:36,838 - #37 a
INFO  11:55:36,838 - #5 ;
INFO  11:55:36,838 - #3 {
INFO  11:55:36,838 - #37 int
INFO  11:55:36,839 - #37 k
INFO  11:55:36,839 - #6 (
INFO  11:55:36,839 - #7 )
INFO  11:55:36,840 - #37 int
INFO  11:55:36,840 - #37 c
INFO  11:55:36,840 - #5 ;
INFO  11:55:36,840 - #3 {
INFO  11:55:36,840 - #37 c
INFO  11:55:36,840 - #12 =
INFO  11:55:36,841 - #36 1
INFO  11:55:36,841 - #5 ;
INFO  11:55:36,842 - #10 return
INFO  11:55:36,842 - #37 c
INFO  11:55:36,842 - #11 +
INFO  11:55:36,842 - #36 2
INFO  11:55:36,842 - #5 ;
INFO  11:55:36,843 - #4 }
INFO  11:55:36,843 - #37 int
INFO  11:55:36,843 - #37 main
INFO  11:55:36,843 - #6 (
INFO  11:55:36,843 - #7 )
INFO  11:55:36,843 - #3 {
INFO  11:55:36,843 - #38 if
INFO  11:55:36,843 - #6 (
INFO  11:55:36,843 - #37 a
INFO  11:55:36,843 - #30 ==
INFO  11:55:36,843 - #36 5
INFO  11:55:36,844 - #28 &&
INFO  11:55:36,845 - #36 6
INFO  11:55:36,845 - #32 >
INFO  11:55:36,845 - #36 5
INFO  11:55:36,846 - #29 ||
INFO  11:55:36,846 - #37 a
INFO  11:55:36,847 - #7 )
INFO  11:55:36,848 - #3 {
INFO  11:55:36,848 - #37 a
INFO  11:55:36,848 - #40 ++
INFO  11:55:36,848 - #5 ;
INFO  11:55:36,848 - #37 x
INFO  11:55:36,848 - #41 --
INFO  11:55:36,848 - #5 ;
INFO  11:55:36,848 - #4 }
INFO  11:55:36,848 - #39 else
INFO  11:55:36,848 - #3 {
INFO  11:55:36,848 - #37 x
INFO  11:55:36,848 - #41 --
INFO  11:55:36,848 - #5 ;
INFO  11:55:36,849 - #37 x
INFO  11:55:36,849 - #40 ++
INFO  11:55:36,849 - #5 ;
INFO  11:55:36,849 - #4 }
INFO  11:55:36,849 - #37 y
INFO  11:55:36,849 - #12 =
INFO  11:55:36,849 - #37 x
INFO  11:55:36,849 - #22 [
INFO  11:55:36,849 - #36 2
INFO  11:55:36,849 - #23 ]
INFO  11:55:36,849 - #5 ;
INFO  11:55:36,850 - #25 for
INFO  11:55:36,850 - #6 (
INFO  11:55:36,850 - #37 x
INFO  11:55:36,850 - #12 =
INFO  11:55:36,850 - #36 4
INFO  11:55:36,850 - #5 ;
INFO  11:55:36,850 - #37 x
INFO  11:55:36,850 - #30 ==
INFO  11:55:36,850 - #36 5
INFO  11:55:36,850 - #5 ;
INFO  11:55:36,850 - #37 x
INFO  11:55:36,851 - #40 ++
INFO  11:55:36,851 - #7 )
INFO  11:55:36,851 - #3 {
INFO  11:55:36,851 - #37 y
INFO  11:55:36,854 - #12 =
INFO  11:55:36,854 - #37 x
INFO  11:55:36,854 - #5 ;
INFO  11:55:36,854 - #26 break
INFO  11:55:36,854 - #5 ;
INFO  11:55:36,854 - #4 }
INFO  11:55:36,854 - #37 x
INFO  11:55:36,855 - #12 =
INFO  11:55:36,855 - #37 k
INFO  11:55:36,855 - #6 (
INFO  11:55:36,855 - #7 )
INFO  11:55:36,855 - #5 ;
INFO  11:55:36,855 - #14 read
INFO  11:55:36,855 - #6 (
INFO  11:55:36,855 - #37 y
INFO  11:55:36,855 - #7 )
INFO  11:55:36,855 - #5 ;
INFO  11:55:36,855 - #37 x
INFO  11:55:36,856 - #12 =
INFO  11:55:36,856 - #37 x
INFO  11:55:36,856 - #18 %
INFO  11:55:36,856 - #37 y
INFO  11:55:36,857 - #11 +
INFO  11:55:36,857 - #36 2
INFO  11:55:36,857 - #11 +
INFO  11:55:36,857 - #36 3
INFO  11:55:36,857 - #16 *
INFO  11:55:36,857 - #36 5
INFO  11:55:36,857 - #5 ;
INFO  11:55:36,857 - #37 y
INFO  11:55:36,857 - #12 =
INFO  11:55:36,857 - #37 y
INFO  11:55:36,857 - #16 *
INFO  11:55:36,858 - #37 y
INFO  11:55:36,858 - #5 ;
INFO  11:55:36,858 - #37 y
INFO  11:55:36,858 - #12 =
INFO  11:55:36,858 - #37 k
INFO  11:55:36,858 - #6 (
INFO  11:55:36,858 - #7 )
INFO  11:55:36,858 - #11 +
INFO  11:55:36,858 - #36 3
INFO  11:55:36,858 - #5 ;
INFO  11:55:36,858 - #9 print
INFO  11:55:36,858 - #6 (
INFO  11:55:36,858 - #37 y
INFO  11:55:36,858 - #7 )
INFO  11:55:36,858 - #5 ;
INFO  11:55:36,858 - #9 print
INFO  11:55:36,858 - #6 (
INFO  11:55:36,858 - #37 y
INFO  11:55:36,858 - #8 ,
INFO  11:55:36,858 - #36 1
INFO  11:55:36,858 - #7 )
INFO  11:55:36,858 - #5 ;
INFO  11:55:36,858 - #10 return
INFO  11:55:36,858 - #36 0
INFO  11:55:36,858 - #5 ;
INFO  11:55:36,858 - #4 }
INFO  11:55:36,859 - #4 }
INFO  11:55:36,863 - Deklarisana promenljiva x na liniji 2
INFO  11:55:36,863 - Deklarisana promenljiva y na liniji 2
INFO  11:55:36,863 - Deklarisana promenljiva a na liniji 2
INFO  11:55:36,863 - Obradjuje se funkcija k na liniji 5
INFO  11:55:36,863 - Deklarisana promenljiva c na liniji 5
INFO  11:55:36,863 - Obradjuje se funkcija main na liniji 10
INFO  11:55:36,863 - Pronadjen poziv funkcije k na liniji 29
INFO  11:55:36,863 - Pronadjen poziv funkcije k na liniji 35
INFO  11:55:40,875 - #2 program
INFO  11:55:40,875 - #37 MJProgram
INFO  11:55:40,875 - #37 int
INFO  11:55:40,875 - #37 x
INFO  11:55:40,876 - #5 ;
INFO  11:55:40,876 - #37 int
INFO  11:55:40,876 - #37 y
INFO  11:55:40,876 - #5 ;
INFO  11:55:40,877 - #37 char
INFO  11:55:40,877 - #37 a
INFO  11:55:40,877 - #5 ;
INFO  11:55:40,877 - #3 {
INFO  11:55:40,877 - #37 int
INFO  11:55:40,877 - #37 k
INFO  11:55:40,877 - #6 (
INFO  11:55:40,877 - #7 )
INFO  11:55:40,878 - #37 int
INFO  11:55:40,878 - #37 c
INFO  11:55:40,878 - #5 ;
INFO  11:55:40,878 - #3 {
INFO  11:55:40,878 - #37 c
INFO  11:55:40,878 - #12 =
INFO  11:55:40,879 - #36 1
INFO  11:55:40,879 - #5 ;
INFO  11:55:40,880 - #10 return
INFO  11:55:40,880 - #37 c
INFO  11:55:40,880 - #11 +
INFO  11:55:40,880 - #36 2
INFO  11:55:40,881 - #5 ;
INFO  11:55:40,881 - #4 }
INFO  11:55:40,881 - #37 int
INFO  11:55:40,882 - #37 main
INFO  11:55:40,882 - #6 (
INFO  11:55:40,882 - #7 )
INFO  11:55:40,882 - #3 {
INFO  11:55:40,882 - #38 if
INFO  11:55:40,882 - #6 (
INFO  11:55:40,882 - #37 a
INFO  11:55:40,882 - #30 ==
INFO  11:55:40,882 - #36 5
INFO  11:55:40,883 - #28 &&
INFO  11:55:40,884 - #36 6
INFO  11:55:40,884 - #32 >
INFO  11:55:40,884 - #36 5
INFO  11:55:40,885 - #29 ||
INFO  11:55:40,885 - #37 a
INFO  11:55:40,885 - #7 )
INFO  11:55:40,885 - #3 {
INFO  11:55:40,886 - #37 a
INFO  11:55:40,886 - #40 ++
INFO  11:55:40,886 - #5 ;
INFO  11:55:40,886 - #37 x
INFO  11:55:40,886 - #41 --
INFO  11:55:40,886 - #5 ;
INFO  11:55:40,886 - #4 }
INFO  11:55:40,886 - #39 else
INFO  11:55:40,886 - #3 {
INFO  11:55:40,886 - #37 x
INFO  11:55:40,886 - #41 --
INFO  11:55:40,886 - #5 ;
INFO  11:55:40,886 - #37 x
INFO  11:55:40,886 - #40 ++
INFO  11:55:40,886 - #5 ;
INFO  11:55:40,886 - #4 }
INFO  11:55:40,886 - #37 y
INFO  11:55:40,886 - #12 =
INFO  11:55:40,886 - #37 x
INFO  11:55:40,886 - #22 [
INFO  11:55:40,887 - #36 2
INFO  11:55:40,887 - #23 ]
INFO  11:55:40,887 - #5 ;
INFO  11:55:40,887 - #25 for
INFO  11:55:40,887 - #6 (
INFO  11:55:40,887 - #37 x
INFO  11:55:40,887 - #12 =
INFO  11:55:40,887 - #36 4
INFO  11:55:40,887 - #5 ;
INFO  11:55:40,887 - #37 x
INFO  11:55:40,887 - #30 ==
INFO  11:55:40,887 - #36 5
INFO  11:55:40,887 - #5 ;
INFO  11:55:40,887 - #37 x
INFO  11:55:40,887 - #40 ++
INFO  11:55:40,888 - #7 )
INFO  11:55:40,888 - #3 {
INFO  11:55:40,888 - #37 y
INFO  11:55:40,891 - #12 =
INFO  11:55:40,891 - #37 x
INFO  11:55:40,891 - #5 ;
INFO  11:55:40,891 - #26 break
INFO  11:55:40,891 - #5 ;
INFO  11:55:40,891 - #4 }
INFO  11:55:40,892 - #37 x
INFO  11:55:40,892 - #12 =
INFO  11:55:40,892 - #37 k
INFO  11:55:40,892 - #6 (
INFO  11:55:40,892 - #7 )
INFO  11:55:40,893 - #5 ;
INFO  11:55:40,893 - #14 read
INFO  11:55:40,893 - #6 (
INFO  11:55:40,893 - #37 y
INFO  11:55:40,893 - #7 )
INFO  11:55:40,893 - #5 ;
INFO  11:55:40,893 - #37 x
INFO  11:55:40,893 - #12 =
INFO  11:55:40,893 - #37 x
INFO  11:55:40,893 - #18 %
INFO  11:55:40,893 - #37 y
INFO  11:55:40,894 - #11 +
INFO  11:55:40,894 - #36 2
INFO  11:55:40,894 - #11 +
INFO  11:55:40,894 - #36 3
INFO  11:55:40,894 - #16 *
INFO  11:55:40,894 - #36 5
INFO  11:55:40,894 - #5 ;
INFO  11:55:40,894 - #37 y
INFO  11:55:40,894 - #12 =
INFO  11:55:40,894 - #37 y
INFO  11:55:40,895 - #16 *
INFO  11:55:40,895 - #37 y
INFO  11:55:40,895 - #5 ;
INFO  11:55:40,895 - #37 y
INFO  11:55:40,895 - #12 =
INFO  11:55:40,895 - #37 k
INFO  11:55:40,895 - #6 (
INFO  11:55:40,895 - #7 )
INFO  11:55:40,895 - #11 +
INFO  11:55:40,895 - #36 3
INFO  11:55:40,895 - #5 ;
INFO  11:55:40,895 - #9 print
INFO  11:55:40,895 - #6 (
INFO  11:55:40,895 - #37 y
INFO  11:55:40,895 - #7 )
INFO  11:55:40,895 - #5 ;
INFO  11:55:40,895 - #9 print
INFO  11:55:40,895 - #6 (
INFO  11:55:40,895 - #37 y
INFO  11:55:40,895 - #8 ,
INFO  11:55:40,895 - #36 1
INFO  11:55:40,895 - #7 )
INFO  11:55:40,895 - #5 ;
INFO  11:55:40,895 - #10 return
INFO  11:55:40,895 - #36 0
INFO  11:55:40,895 - #5 ;
INFO  11:55:40,896 - #4 }
INFO  11:55:40,896 - #4 }
INFO  11:55:40,900 - Deklarisana promenljiva x na liniji 2
INFO  11:55:40,901 - Deklarisana promenljiva y na liniji 2
INFO  11:55:40,901 - Deklarisana promenljiva a na liniji 2
INFO  11:55:40,901 - Obradjuje se funkcija k na liniji 5
INFO  11:55:40,901 - Deklarisana promenljiva c na liniji 5
INFO  11:55:40,901 - Obradjuje se funkcija main na liniji 10
INFO  11:55:40,901 - Pronadjen poziv funkcije k na liniji 29
INFO  11:55:40,901 - Pronadjen poziv funkcije k na liniji 35
INFO  14:11:09,182 - #2 program
INFO  14:11:09,182 - #37 MJProgram
INFO  14:11:09,182 - #37 int
INFO  14:11:09,184 - #37 x
INFO  14:11:09,184 - #5 ;
INFO  14:11:09,184 - #37 int
INFO  14:11:09,184 - #37 y
INFO  14:11:09,184 - #5 ;
INFO  14:11:09,184 - #37 char
INFO  14:11:09,184 - #37 a
INFO  14:11:09,184 - #5 ;
INFO  14:11:09,184 - #3 {
INFO  14:11:09,184 - #37 int
INFO  14:11:09,184 - #37 k
INFO  14:11:09,184 - #6 (
INFO  14:11:09,186 - #7 )
INFO  14:11:09,186 - #37 int
INFO  14:11:09,186 - #37 c
INFO  14:11:09,186 - #5 ;
INFO  14:11:09,186 - #3 {
INFO  14:11:09,186 - #37 c
INFO  14:11:09,186 - #12 =
INFO  14:11:09,186 - #36 1
INFO  14:11:09,186 - #5 ;
INFO  14:11:09,188 - #10 return
INFO  14:11:09,188 - #37 c
INFO  14:11:09,188 - #11 +
INFO  14:11:09,188 - #36 2
INFO  14:11:09,188 - #5 ;
INFO  14:11:09,188 - #4 }
INFO  14:11:09,188 - #37 int
INFO  14:11:09,190 - #37 main
INFO  14:11:09,190 - #6 (
INFO  14:11:09,190 - #7 )
INFO  14:11:09,190 - #3 {
INFO  14:11:09,190 - #38 if
INFO  14:11:09,190 - #6 (
INFO  14:11:09,190 - #37 a
INFO  14:11:09,190 - #30 ==
INFO  14:11:09,190 - #36 5
INFO  14:11:09,190 - #28 &&
INFO  14:11:09,190 - #36 6
INFO  14:11:09,190 - #32 >
INFO  14:11:09,192 - #36 5
INFO  14:11:09,192 - #29 ||
INFO  14:11:09,192 - #37 a
INFO  14:11:09,192 - #7 )
INFO  14:11:09,192 - #3 {
INFO  14:11:09,192 - #37 a
INFO  14:11:09,192 - #40 ++
INFO  14:11:09,192 - #5 ;
INFO  14:11:09,192 - #37 x
INFO  14:11:09,194 - #41 --
INFO  14:11:09,194 - #5 ;
INFO  14:11:09,194 - #4 }
INFO  14:11:09,194 - #39 else
INFO  14:11:09,194 - #3 {
INFO  14:11:09,194 - #37 x
INFO  14:11:09,194 - #41 --
INFO  14:11:09,194 - #5 ;
INFO  14:11:09,194 - #37 x
INFO  14:11:09,194 - #40 ++
INFO  14:11:09,194 - #5 ;
INFO  14:11:09,194 - #4 }
INFO  14:11:09,194 - #37 y
INFO  14:11:09,194 - #12 =
INFO  14:11:09,194 - #37 x
INFO  14:11:09,194 - #22 [
INFO  14:11:09,194 - #36 2
INFO  14:11:09,194 - #23 ]
INFO  14:11:09,194 - #5 ;
INFO  14:11:09,194 - #25 for
INFO  14:11:09,194 - #6 (
INFO  14:11:09,194 - #37 x
INFO  14:11:09,194 - #12 =
INFO  14:11:09,194 - #36 4
INFO  14:11:09,194 - #5 ;
INFO  14:11:09,194 - #37 x
INFO  14:11:09,194 - #30 ==
INFO  14:11:09,194 - #36 5
INFO  14:11:09,194 - #5 ;
INFO  14:11:09,196 - #37 x
INFO  14:11:09,196 - #40 ++
INFO  14:11:09,196 - #7 )
INFO  14:11:09,196 - #3 {
INFO  14:11:09,196 - #37 y
INFO  14:11:09,198 - #12 =
INFO  14:11:09,198 - #37 x
INFO  14:11:09,198 - #5 ;
INFO  14:11:09,198 - #26 break
INFO  14:11:09,200 - #5 ;
INFO  14:11:09,200 - #4 }
INFO  14:11:09,200 - #37 x
INFO  14:11:09,200 - #12 =
INFO  14:11:09,200 - #37 y
INFO  14:11:09,200 - #11 +
INFO  14:11:09,200 - #36 5
INFO  14:11:09,200 - #11 +
INFO  14:11:09,200 - #5 ;
ERROR 14:11:09,200 - 
Sintaksna greska na liniji 27
INFO  14:11:09,200 - #37 x
INFO  14:11:09,200 - #12 =
INFO  14:11:09,200 - #37 k
DEBUG 14:11:09,202 - Uspesan oporavak od greske pri dodeli vrednosti.
INFO  14:11:09,202 - #6 (
INFO  14:11:09,202 - #7 )
INFO  14:11:09,202 - #5 ;
INFO  14:11:09,202 - #14 read
INFO  14:11:09,202 - #6 (
INFO  14:11:09,202 - #37 y
INFO  14:11:09,202 - #7 )
INFO  14:11:09,202 - #5 ;
INFO  14:11:09,202 - #37 x
INFO  14:11:09,202 - #12 =
INFO  14:11:09,202 - #37 x
INFO  14:11:09,202 - #18 %
INFO  14:11:09,202 - #37 y
INFO  14:11:09,204 - #11 +
INFO  14:11:09,204 - #36 2
INFO  14:11:09,204 - #11 +
INFO  14:11:09,204 - #36 3
INFO  14:11:09,204 - #16 *
INFO  14:11:09,204 - #36 5
INFO  14:11:09,204 - #5 ;
INFO  14:11:09,204 - #37 y
INFO  14:11:09,204 - #12 =
INFO  14:11:09,204 - #37 y
INFO  14:11:09,204 - #16 *
INFO  14:11:09,204 - #37 y
INFO  14:11:09,204 - #5 ;
INFO  14:11:09,204 - #37 y
INFO  14:11:09,204 - #12 =
INFO  14:11:09,204 - #37 k
INFO  14:11:09,204 - #6 (
INFO  14:11:09,204 - #7 )
INFO  14:11:09,204 - #11 +
INFO  14:11:09,204 - #36 3
INFO  14:11:09,204 - #5 ;
INFO  14:11:09,204 - #9 print
INFO  14:11:09,204 - #6 (
INFO  14:11:09,204 - #37 y
INFO  14:11:09,204 - #7 )
INFO  14:11:09,204 - #5 ;
INFO  14:11:09,204 - #9 print
INFO  14:11:09,204 - #6 (
INFO  14:11:09,204 - #37 y
INFO  14:11:09,204 - #8 ,
INFO  14:11:09,204 - #36 1
INFO  14:11:09,204 - #7 )
INFO  14:11:09,204 - #5 ;
INFO  14:11:09,204 - #10 return
INFO  14:11:09,204 - #36 0
INFO  14:11:09,206 - #5 ;
INFO  14:11:09,206 - #4 }
INFO  14:11:09,206 - #4 }
INFO  14:11:09,210 - Deklarisana promenljiva x na liniji 2
INFO  14:11:09,210 - Deklarisana promenljiva y na liniji 2
INFO  14:11:09,210 - Deklarisana promenljiva a na liniji 2
INFO  14:11:09,210 - Obradjuje se funkcija k na liniji 5
INFO  14:11:09,210 - Deklarisana promenljiva c na liniji 5
INFO  14:11:09,210 - Obradjuje se funkcija main na liniji 10
INFO  14:11:09,212 - Pronadjen poziv funkcije k na liniji 29
INFO  14:11:09,212 - Pronadjen poziv funkcije k na liniji 35
INFO  14:14:01,169 - #2 program
INFO  14:14:01,169 - #37 MJProgram
INFO  14:14:01,169 - #37 int
INFO  14:14:01,169 - #37 x
INFO  14:14:01,169 - #5 ;
INFO  14:14:01,169 - #37 int
INFO  14:14:01,171 - #37 y
INFO  14:14:01,171 - #5 ;
INFO  14:14:01,171 - #37 char
INFO  14:14:01,171 - #37 a
INFO  14:14:01,171 - #5 ;
INFO  14:14:01,171 - #3 {
INFO  14:14:01,171 - #37 int
INFO  14:14:01,171 - #37 k
INFO  14:14:01,171 - #6 (
INFO  14:14:01,171 - #7 )
INFO  14:14:01,171 - #37 int
INFO  14:14:01,171 - #37 c
INFO  14:14:01,171 - #5 ;
INFO  14:14:01,171 - #3 {
INFO  14:14:01,171 - #37 c
INFO  14:14:01,173 - #12 =
INFO  14:14:01,173 - #36 1
INFO  14:14:01,173 - #5 ;
INFO  14:14:01,173 - #10 return
INFO  14:14:01,173 - #37 c
INFO  14:14:01,173 - #11 +
INFO  14:14:01,173 - #36 2
INFO  14:14:01,175 - #5 ;
INFO  14:14:01,175 - #4 }
INFO  14:14:01,175 - #37 int
INFO  14:14:01,175 - #37 main
INFO  14:14:01,175 - #6 (
INFO  14:14:01,175 - #7 )
INFO  14:14:01,175 - #3 {
INFO  14:14:01,175 - #38 if
INFO  14:14:01,175 - #6 (
INFO  14:14:01,175 - #37 a
INFO  14:14:01,175 - #30 ==
INFO  14:14:01,175 - #36 5
INFO  14:14:01,177 - #28 &&
INFO  14:14:01,177 - #36 6
INFO  14:14:01,177 - #32 >
INFO  14:14:01,177 - #36 5
INFO  14:14:01,177 - #29 ||
INFO  14:14:01,179 - #37 a
INFO  14:14:01,179 - #7 )
INFO  14:14:01,179 - #3 {
INFO  14:14:01,179 - #37 a
INFO  14:14:01,179 - #40 ++
INFO  14:14:01,179 - #5 ;
INFO  14:14:01,179 - #37 x
INFO  14:14:01,179 - #41 --
INFO  14:14:01,179 - #5 ;
INFO  14:14:01,179 - #4 }
INFO  14:14:01,179 - #39 else
INFO  14:14:01,179 - #3 {
INFO  14:14:01,179 - #37 x
INFO  14:14:01,179 - #41 --
INFO  14:14:01,179 - #5 ;
INFO  14:14:01,179 - #37 x
INFO  14:14:01,179 - #40 ++
INFO  14:14:01,179 - #5 ;
INFO  14:14:01,179 - #4 }
INFO  14:14:01,179 - #37 y
INFO  14:14:01,179 - #12 =
INFO  14:14:01,179 - #37 x
INFO  14:14:01,179 - #22 [
INFO  14:14:01,179 - #36 2
INFO  14:14:01,179 - #23 ]
INFO  14:14:01,179 - #5 ;
INFO  14:14:01,179 - #25 for
INFO  14:14:01,179 - #6 (
INFO  14:14:01,181 - #37 x
INFO  14:14:01,181 - #12 =
INFO  14:14:01,181 - #36 4
INFO  14:14:01,181 - #5 ;
INFO  14:14:01,181 - #37 x
INFO  14:14:01,181 - #30 ==
INFO  14:14:01,181 - #36 5
INFO  14:14:01,181 - #5 ;
INFO  14:14:01,183 - #37 x
INFO  14:14:01,183 - #40 ++
INFO  14:14:01,183 - #7 )
INFO  14:14:01,183 - #3 {
INFO  14:14:01,183 - #37 y
INFO  14:14:01,185 - #12 =
INFO  14:14:01,185 - #37 x
INFO  14:14:01,187 - #5 ;
INFO  14:14:01,187 - #26 break
INFO  14:14:01,187 - #5 ;
INFO  14:14:01,187 - #4 }
INFO  14:14:01,187 - #37 x
INFO  14:14:01,187 - #12 =
INFO  14:14:01,187 - #37 y
INFO  14:14:01,187 - #11 +
INFO  14:14:01,187 - #36 5
INFO  14:14:01,187 - #11 +
INFO  14:14:01,187 - #5 ;
ERROR 14:14:01,187 - 
Sintaksna greska na liniji 27
ERROR 14:14:01,187 - Fatalna greska, parsiranje se ne moze nastaviti na liniji 27
INFO  14:36:04,573 - #2 program
INFO  14:36:04,573 - #37 MJProgram
INFO  14:36:04,573 - #37 int
INFO  14:36:04,573 - #37 x
INFO  14:36:04,573 - #5 ;
INFO  14:36:04,575 - #37 int
INFO  14:36:04,575 - #37 y
INFO  14:36:04,575 - #5 ;
INFO  14:36:04,575 - #37 char
INFO  14:36:04,575 - #37 a
INFO  14:36:04,575 - #5 ;
INFO  14:36:04,575 - #3 {
INFO  14:36:04,575 - #37 int
INFO  14:36:04,575 - #37 k
INFO  14:36:04,575 - #6 (
INFO  14:36:04,575 - #7 )
INFO  14:36:04,575 - #37 int
INFO  14:36:04,575 - #37 c
INFO  14:36:04,575 - #5 ;
INFO  14:36:04,575 - #3 {
INFO  14:36:04,575 - #37 c
INFO  14:36:04,577 - #12 =
INFO  14:36:04,577 - #36 1
INFO  14:36:04,577 - #5 ;
INFO  14:36:04,577 - #10 return
INFO  14:36:04,577 - #37 c
INFO  14:36:04,577 - #11 +
INFO  14:36:04,577 - #36 2
INFO  14:36:04,579 - #5 ;
INFO  14:36:04,579 - #4 }
INFO  14:36:04,579 - #37 int
INFO  14:36:04,579 - #37 kva
INFO  14:36:04,579 - #6 (
INFO  14:36:04,579 - #37 int
INFO  14:36:04,579 - #37 a
INFO  14:36:04,579 - #7 )
INFO  14:36:04,579 - #37 int
INFO  14:36:04,579 - #37 c
INFO  14:36:04,579 - #5 ;
INFO  14:36:04,579 - #3 {
INFO  14:36:04,579 - #37 c
INFO  14:36:04,579 - #12 =
INFO  14:36:04,579 - #36 1
INFO  14:36:04,579 - #5 ;
INFO  14:36:04,579 - #10 return
INFO  14:36:04,579 - #37 c
INFO  14:36:04,579 - #5 ;
INFO  14:36:04,579 - #4 }
INFO  14:36:04,579 - #37 int
INFO  14:36:04,581 - #37 main
INFO  14:36:04,581 - #6 (
INFO  14:36:04,581 - #7 )
INFO  14:36:04,581 - #3 {
INFO  14:36:04,581 - #38 if
INFO  14:36:04,581 - #6 (
INFO  14:36:04,581 - #37 a
INFO  14:36:04,581 - #30 ==
INFO  14:36:04,581 - #36 5
INFO  14:36:04,581 - #28 &&
INFO  14:36:04,581 - #36 6
INFO  14:36:04,581 - #32 >
INFO  14:36:04,581 - #36 5
INFO  14:36:04,581 - #29 ||
INFO  14:36:04,583 - #37 a
INFO  14:36:04,583 - #7 )
INFO  14:36:04,583 - #3 {
INFO  14:36:04,583 - #37 a
INFO  14:36:04,583 - #40 ++
INFO  14:36:04,583 - #5 ;
INFO  14:36:04,583 - #37 x
INFO  14:36:04,583 - #41 --
INFO  14:36:04,583 - #5 ;
INFO  14:36:04,583 - #4 }
INFO  14:36:04,583 - #39 else
INFO  14:36:04,583 - #3 {
INFO  14:36:04,583 - #37 x
INFO  14:36:04,583 - #41 --
INFO  14:36:04,583 - #5 ;
INFO  14:36:04,583 - #37 x
INFO  14:36:04,583 - #40 ++
INFO  14:36:04,583 - #5 ;
INFO  14:36:04,583 - #4 }
INFO  14:36:04,583 - #37 y
INFO  14:36:04,583 - #12 =
INFO  14:36:04,583 - #37 x
INFO  14:36:04,583 - #22 [
INFO  14:36:04,585 - #36 2
INFO  14:36:04,585 - #23 ]
INFO  14:36:04,585 - #5 ;
INFO  14:36:04,585 - #25 for
INFO  14:36:04,585 - #6 (
INFO  14:36:04,585 - #37 x
INFO  14:36:04,585 - #12 =
INFO  14:36:04,585 - #36 4
INFO  14:36:04,585 - #5 ;
INFO  14:36:04,585 - #37 x
INFO  14:36:04,585 - #30 ==
INFO  14:36:04,585 - #36 5
INFO  14:36:04,585 - #5 ;
INFO  14:36:04,585 - #37 x
INFO  14:36:04,585 - #40 ++
INFO  14:36:04,585 - #7 )
INFO  14:36:04,585 - #3 {
INFO  14:36:04,585 - #37 y
INFO  14:36:04,585 - #12 =
INFO  14:36:04,585 - #37 x
INFO  14:36:04,585 - #5 ;
INFO  14:36:04,585 - #26 break
INFO  14:36:04,585 - #5 ;
INFO  14:36:04,587 - #4 }
INFO  14:36:04,587 - #37 x
INFO  14:36:04,587 - #12 =
INFO  14:36:04,587 - #37 y
INFO  14:36:04,587 - #11 +
INFO  14:36:04,587 - #36 5
INFO  14:36:04,587 - #11 +
INFO  14:36:04,587 - #5 ;
ERROR 14:36:04,587 - 
Sintaksna greska na liniji 35
INFO  14:36:04,587 - #37 x
INFO  14:36:04,587 - #12 =
INFO  14:36:04,587 - #37 k
INFO  15:25:29,342 - #2 program
INFO  15:25:29,342 - #37 MJProgram
INFO  15:25:29,342 - #37 int
INFO  15:25:29,343 - #37 x
INFO  15:25:29,343 - #5 ;
INFO  15:25:29,343 - #37 int
INFO  15:25:29,344 - #37 y
INFO  15:25:29,344 - #5 ;
INFO  15:25:29,344 - #37 char
INFO  15:25:29,344 - #37 a
INFO  15:25:29,344 - #5 ;
INFO  15:25:29,344 - #3 {
INFO  15:25:29,344 - #37 int
INFO  15:25:29,344 - #37 k
INFO  15:25:29,344 - #6 (
INFO  15:25:29,345 - #7 )
INFO  15:25:29,345 - #37 int
INFO  15:25:29,345 - #37 c
INFO  15:25:29,345 - #5 ;
INFO  15:25:29,345 - #3 {
INFO  15:25:29,345 - #37 c
INFO  15:25:29,346 - #12 =
INFO  15:25:29,346 - #36 1
INFO  15:25:29,346 - #5 ;
INFO  15:25:29,347 - #10 return
INFO  15:25:29,347 - #37 c
INFO  15:25:29,347 - #11 +
INFO  15:25:29,347 - #36 2
INFO  15:25:29,348 - #5 ;
INFO  15:25:29,348 - #4 }
INFO  15:25:29,348 - #37 int
INFO  15:25:29,349 - #37 kva
INFO  15:25:29,349 - #6 (
INFO  15:25:29,349 - #37 int
INFO  15:25:29,349 - #37 b
INFO  15:25:29,349 - #8 ,
INFO  15:25:29,350 - #37 char
INFO  15:25:29,350 - #37 k
INFO  15:25:29,350 - #7 )
INFO  15:25:29,350 - #37 int
INFO  15:25:29,350 - #37 c
INFO  15:25:29,350 - #5 ;
INFO  15:25:29,350 - #3 {
INFO  15:25:29,351 - #37 c
INFO  15:25:29,351 - #12 =
INFO  15:25:29,351 - #36 2
INFO  15:25:29,351 - #5 ;
INFO  15:25:29,351 - #10 return
INFO  15:25:29,351 - #37 c
INFO  15:25:29,351 - #5 ;
INFO  15:25:29,351 - #4 }
INFO  15:25:29,351 - #37 int
INFO  15:25:29,351 - #37 main
INFO  15:25:29,351 - #6 (
INFO  15:25:29,351 - #7 )
INFO  15:25:29,351 - #3 {
INFO  15:25:29,351 - #38 if
INFO  15:25:29,351 - #6 (
INFO  15:25:29,351 - #37 a
INFO  15:25:29,351 - #30 ==
INFO  15:25:29,351 - #36 5
INFO  15:25:29,352 - #28 &&
INFO  15:25:29,352 - #36 6
INFO  15:25:29,353 - #32 >
INFO  15:25:29,353 - #36 5
INFO  15:25:29,353 - #29 ||
INFO  15:25:29,354 - #37 a
INFO  15:25:29,354 - #7 )
INFO  15:25:29,354 - #3 {
INFO  15:25:29,354 - #37 a
INFO  15:25:29,354 - #40 ++
INFO  15:25:29,354 - #5 ;
INFO  15:25:29,354 - #37 x
INFO  15:25:29,354 - #41 --
INFO  15:25:29,354 - #5 ;
INFO  15:25:29,354 - #4 }
INFO  15:25:29,354 - #39 else
INFO  15:25:29,355 - #3 {
INFO  15:25:29,355 - #37 x
INFO  15:25:29,355 - #41 --
INFO  15:25:29,355 - #5 ;
INFO  15:25:29,355 - #37 x
INFO  15:25:29,355 - #40 ++
INFO  15:25:29,355 - #5 ;
INFO  15:25:29,355 - #4 }
INFO  15:25:29,355 - #38 if
INFO  15:25:29,358 - #6 (
INFO  15:25:29,358 - #37 x
INFO  15:25:29,358 - #30 ==
INFO  15:25:29,358 - #36 3
INFO  15:25:29,358 - #7 )
INFO  15:25:29,358 - #3 {
INFO  15:25:29,358 - #37 a
INFO  15:25:29,359 - #40 ++
INFO  15:25:29,359 - #5 ;
INFO  15:25:29,359 - #4 }
INFO  15:25:29,359 - #37 y
INFO  15:25:29,359 - #12 =
INFO  15:25:29,359 - #37 x
INFO  15:25:29,359 - #22 [
INFO  15:25:29,359 - #36 2
INFO  15:25:29,360 - #23 ]
INFO  15:25:29,360 - #5 ;
INFO  15:25:29,360 - #25 for
INFO  15:25:29,360 - #6 (
INFO  15:25:29,360 - #37 x
INFO  15:25:29,360 - #12 =
INFO  15:25:29,360 - #36 4
INFO  15:25:29,360 - #5 ;
INFO  15:25:29,360 - #37 x
INFO  15:25:29,360 - #30 ==
INFO  15:25:29,360 - #36 5
INFO  15:25:29,360 - #5 ;
INFO  15:25:29,360 - #37 x
INFO  15:25:29,360 - #40 ++
INFO  15:25:29,360 - #7 )
INFO  15:25:29,360 - #3 {
INFO  15:25:29,360 - #37 y
INFO  15:25:29,361 - #12 =
INFO  15:25:29,361 - #37 x
INFO  15:25:29,361 - #5 ;
INFO  15:25:29,361 - #26 break
INFO  15:25:29,361 - #5 ;
INFO  15:25:29,361 - #4 }
INFO  15:25:29,362 - #37 x
INFO  15:25:29,362 - #12 =
INFO  15:25:29,362 - #37 k
INFO  15:25:29,362 - #6 (
INFO  15:25:29,362 - #7 )
INFO  15:25:29,362 - #5 ;
INFO  15:25:29,363 - #14 read
INFO  15:25:29,363 - #6 (
INFO  15:25:29,363 - #37 y
INFO  15:25:29,363 - #7 )
INFO  15:25:29,363 - #5 ;
INFO  15:25:29,363 - #37 x
INFO  15:25:29,363 - #12 =
INFO  15:25:29,363 - #37 x
INFO  15:25:29,363 - #18 %
INFO  15:25:29,363 - #37 y
INFO  15:25:29,363 - #11 +
INFO  15:25:29,364 - #36 2
INFO  15:25:29,364 - #11 +
INFO  15:25:29,364 - #36 3
INFO  15:25:29,364 - #16 *
INFO  15:25:29,364 - #36 5
INFO  15:25:29,364 - #5 ;
INFO  15:25:29,364 - #37 y
INFO  15:25:29,364 - #12 =
INFO  15:25:29,364 - #37 y
INFO  15:25:29,364 - #16 *
INFO  15:25:29,364 - #37 y
INFO  15:25:29,364 - #5 ;
INFO  15:25:29,364 - #37 y
INFO  15:25:29,364 - #12 =
INFO  15:25:29,365 - #37 k
INFO  15:25:29,365 - #6 (
INFO  15:25:29,365 - #7 )
INFO  15:25:29,365 - #11 +
INFO  15:25:29,365 - #36 3
INFO  15:25:29,365 - #5 ;
INFO  15:25:29,365 - #9 print
INFO  15:25:29,365 - #6 (
INFO  15:25:29,365 - #37 y
INFO  15:25:29,365 - #7 )
INFO  15:25:29,365 - #5 ;
INFO  15:25:29,365 - #9 print
INFO  15:25:29,365 - #6 (
INFO  15:25:29,365 - #37 y
INFO  15:25:29,365 - #8 ,
INFO  15:25:29,365 - #36 1
INFO  15:25:29,365 - #7 )
INFO  15:25:29,365 - #5 ;
INFO  15:25:29,365 - #10 return
INFO  15:25:29,365 - #36 0
INFO  15:25:29,365 - #5 ;
INFO  15:25:29,365 - #4 }
INFO  15:25:29,365 - #4 }
INFO  15:25:29,370 - Deklarisana promenljiva x na liniji 3
INFO  15:25:29,370 - Deklarisana promenljiva y na liniji 3
INFO  15:25:29,370 - Deklarisana promenljiva a na liniji 3
INFO  15:25:29,370 - Obradjuje se funkcija k na liniji 6
INFO  15:25:29,370 - Deklarisana promenljiva c na liniji 6
INFO  15:25:29,370 - Obradjuje se funkcija kva na liniji 11
INFO  15:25:29,370 - Deklarisana promenljiva c na liniji 11
INFO  15:25:29,370 - Obradjuje se funkcija main na liniji 16
INFO  15:25:29,370 - Pronadjen poziv funkcije k na liniji 42
INFO  15:25:29,370 - Pronadjen poziv funkcije k na liniji 48
